do run
loading script "felix_analysis400_120_CDD_center.py"
loading script "felix_pump_ms.py"
loading script "felix_diode.py"
loading script "felix_pump_extraction_line.py"
testing...
no interpolation path defined
executed snippet estimated_duration=559.2304, duration=0.000196933746338
script duration name:analysis400_120_CDD_center seconds:559.0
loading script "felix_analysis400_120_CDD_center.py"
loading script "felix_pump_ms.py"
loading script "felix_diode.py"
loading script "felix_pump_extraction_line.py"
testing...
no interpolation path defined
executed snippet estimated_duration=0, duration=2.09808349609e-05
loading script "felix_analysis400_120_CDD_center.py"
loading script "felix_pump_ms.py"
loading script "felix_diode.py"
loading script "felix_pump_extraction_line.py"
testing...
no interpolation path defined
calculate duration
testing...
no interpolation path defined
executed snippet estimated_duration=0, duration=5.91278076172e-05
calculate duration
testing...
no interpolation path defined
executed snippet estimated_duration=0, duration=2.00271606445e-05
calculate duration
testing...
no interpolation path defined
executed snippet estimated_duration=42.0, duration=8.60691070557e-05
executed snippet estimated_duration=42.0, duration=0.00287818908691
script duration name:diode seconds:42.0
loading script "felix_analysis400_120_CDD_center.py"
loading script "felix_pump_ms.py"
loading script "felix_diode.py"
loading script "felix_pump_extraction_line.py"
testing...
no interpolation path defined
calculate duration
testing...
no interpolation path defined
executed snippet estimated_duration=4.0, duration=0.000136852264404
executed snippet estimated_duration=4.0, duration=0.00104808807373
Script duration 601.0
Run total estimated duration= 602.000
run duration: 0:10:02
doing event level: 2
18:10:19 -- Setting default integration. t=1.048576
setting integration time = 1.048576
SetIntegrationTime 1.048576 ===>> OK
----------------- start -----------------
**************** Experiment Type: Ar/Ar, Ar/Ar
create new session 4858612720
close session 4858612720
$$$$$ Clearing conditionals
adding conditionals 
Add queue conditionals
add default conditionals
adding default conditionals from /Users/obama/PychronDev/setupfiles/spectrometer/default_conditionals.yaml
Start automated run 65911-22B
loading script "felix_analysis400_120_CDD_center.py"
loading script "felix_pump_ms.py"
loading script "felix_diode.py"
loading script "felix_pump_extraction_line.py"
%%%%%%%%%%%%%%%%%% setting automated run 65911-22B
No value "sensitivity_multiplier" in metadata
$$$$$$$$$$$$$$$ auto_save_detector_ic=False
============================= Pre Extraction Check =============================
loading queue conditionals pre_run_terminations
loading system conditionals pre_run_terminations
loading conditionals from /Users/obama/PychronDev/setupfiles/spectrometer/default_conditionals.yaml
18:10:19 -- ******* Pre Extraction Check *******
Get a measurement from the spectrometer
Pre Extraction Termination data. keys=L2(CDD),H2,H1,AX,L1,L2, signals=0.00128,-0.02674,0.26303,-0.07842,-0.15956,-0.06722
18:10:19 -- testing system defined conditionals
Checking default pre extraction terminations n=2
testing L2_CDD_
evaluate ot="L2(CDD).inactive" t="L2_CDD_", ctx="{'L2_CDD_': False}"
GetDeflection L2 (CDD) ===>> 0
testing L2_CDD_==3250
evaluate ot="L2(CDD).deflection==3250" t="L2_CDD_==3250", ctx="{'L2_CDD_': 0.0}"
18:10:19 -- ******* Pre Extraction Check Passed *******
=================================================================================
18:10:19 -- stopping status monitor. block=True
stop 4834222832
Status monitor stopped
Status monitor finished
18:10:24 -- starting status monitor
start 4834222832
StatusMonitor period=3. Frequencies(state=1, checksum=3, lock=5, owner=5)
start extraction
do extraction
Analysis started at 18:10:28.844830
Extraction Started felix_diode.py
18:10:28 -- ******* Extraction Started felix_diode.py *******
state changed from not run to extraction
DO EXTRACTION <pychron.extraction_line.pyscript_runner.RemotePyScriptRunner object at 0x11ee98b90>
testing...
no interpolation path defined
calculate duration
testing...
no interpolation path defined
executed snippet estimated_duration=0, duration=0.000109910964966
calculate duration
testing...
no interpolation path defined
executed snippet estimated_duration=0, duration=1.71661376953e-05
calculate duration
testing...
no interpolation path defined
executed snippet estimated_duration=42.0, duration=6.50882720947e-05
executed snippet estimated_duration=204.0, duration=0.00300097465515
Felix unknown laser analysis
set_motor ('beam', '') {}
setting motor "beam" to 
doing GOSUB
testing...
no interpolation path defined
executed snippet estimated_duration=0, duration=7.20024108887e-05
Prepare for Diode Analysis
close () {'description': 'Felix Inlet'}
close name=--- desc=Felix Inlet
checking ownership. requestor=192.168.2.137
check software interlocks H
interlocks []
actuate state mode=None-script, software_lock=False
doing actuation None-script close_channel False
Close H ===>> OK
GetIndicatorState H ===>> False
change switch state (True, True)
18:10:29 -- CLOSE  VALVE-H (Felix Inlet)
-------------------------- close None (Felix Inlet) result=[(True, True)]
action=close, ok=True, locked=[False]
open () {'description': 'Felix Ion Pump'}
open name=--- desc=Felix Ion Pump
checking ownership. requestor=192.168.2.137
check software interlocks V
interlocks []
actuate state mode=None-script, software_lock=False
doing actuation None-script open_channel False
Open V ===>> OK
GetIndicatorState V ===>> OK
change switch state (True, True)
18:10:29 -- OPEN   VALVE-V (Felix Ion Pump)
-------------------------- open None (Felix Ion Pump) result=[(True, True)]
action=open, ok=True, locked=[False]
close () {'description': 'Bone to Minibone'}
close name=--- desc=Bone to Minibone
checking ownership. requestor=192.168.2.137
check software interlocks E
interlocks []
actuate state mode=None-script, software_lock=False
doing actuation None-script close_channel False
Close E ===>> OK
GetIndicatorState E ===>> False
change switch state (True, True)
18:10:29 -- CLOSE  VALVE-E (Bone to Minibone)
-------------------------- close None (Bone to Minibone) result=[(True, True)]
action=close, ok=True, locked=[False]
open () {'description': 'Bone to Getter GP-50'}
open name=--- desc=Bone to Getter GP-50
checking ownership. requestor=192.168.2.137
check software interlocks N
interlocks []
actuate state mode=None-script, software_lock=False
doing actuation None-script open_channel False
Open N ===>> OK
GetIndicatorState N ===>> OK
change switch state (True, True)
18:10:30 -- OPEN   VALVE-N (Bone to Getter GP-50)
-------------------------- open None (Bone to Getter GP-50) result=[(True, True)]
action=open, ok=True, locked=[False]
close () {'description': 'Bone to CO2 Laser'}
close name=--- desc=Bone to CO2 Laser
checking ownership. requestor=192.168.2.137
check software interlocks D
interlocks []
actuate state mode=None-script, software_lock=False
doing actuation None-script close_channel True
Close D ===>> OK
GetIndicatorState D ===>> False
change switch state (True, True)
18:10:30 -- CLOSE  VALVE-D (Bone to CO2 Laser)
-------------------------- close None (Bone to CO2 Laser) result=[(True, True)]
action=close, ok=True, locked=[False]
open () {'description': 'Bone to Diode Laser'}
open name=--- desc=Bone to Diode Laser
checking ownership. requestor=192.168.2.137
check software interlocks B
interlocks []
actuate state mode=None-script, software_lock=False
doing actuation None-script open_channel False
Open B ===>> OK
GetIndicatorState B ===>> OK
change switch state (True, True)
18:10:31 -- OPEN   VALVE-B (Bone to Diode Laser)
-------------------------- open None (Bone to Diode Laser) result=[(True, True)]
action=open, ok=True, locked=[False]
executed snippet estimated_duration=0, duration=2.7371840477
PrepareForDiodeAnalysis.py completed successfully
gosub finished
doing GOSUB
testing...
no interpolation path defined
executed snippet estimated_duration=0, duration=5.69820404053e-05
Isolate coldfinger
close () {'name': 'B', 'description': 'Bone to Diode Laser'}
close name=B desc=Bone to Diode Laser
checking ownership. requestor=192.168.2.137
check software interlocks B
interlocks []
actuate state mode=None-script, software_lock=False
doing actuation None-script close_channel True
Close B ===>> OK
GetIndicatorState B ===>> False
change switch state (True, True)
18:10:31 -- CLOSE  VALVE-B (Bone to Diode Laser)
-------------------------- close B (Bone to Diode Laser) result=[(True, True)]
action=close, ok=True, locked=[False]
executed snippet estimated_duration=0, duration=0.453966140747
IsolateDiodeColdfinger.py completed successfully
gosub finished
open () {'description': 'Bone to Turbo'}
open name=--- desc=Bone to Turbo
checking ownership. requestor=192.168.2.137
check software interlocks C
interlocks []
actuate state mode=None-script, software_lock=False
doing actuation None-script open_channel False
Open C ===>> OK
GetIndicatorState C ===>> OK
change switch state (True, True)
18:10:32 -- OPEN   VALVE-C (Bone to Turbo)
-------------------------- open None (Bone to Turbo) result=[(True, True)]
action=open, ok=True, locked=[False]
Diodelaser enabled. Heating sample.
enable () {}
set extraction state FusionsDiode Enabled (False, 'red', 1.5)
enabling laser
Enable ===>> OK
move_to_position ('31',) {}
FusionsDiode move to position 31
sending GoToHole 31,True
GoToHole 31,True ===>> OK
GetDriveMoving ===>> False
GetDriveMoving ===>> False
Block completed
GetAutoCorrecting ===>> False
GetAutoCorrecting ===>> False
Block completed
update position
GetPosition ===>> -4.80060,-9.60120,4.00000
got position (-4.8006, -9.6012, 4.0)
move to position succeeded
BEGIN INTERVAL Interval 1 waiting for 40.0
block started
set extract to 12.0 (watts)
extract () {}
WaitControl setup for 40.0  
GetPosition ===>> -4.80060,-9.60120,4.00000
set extraction state FusionsDiode ON! 12.0(watts) (0.75, 'red', 1.5)
extract sample to 12.0 (watts)
set laser output
{"units": "watts", "command": "SetLaserOutput", "value": 12.0} ===>> OK
sleep (2,) {}
SLEEP 2.0
block started
WaitControl setup for 2.0  
Join finished
block finished. duration 2.04618000984
executing pattern 37hole_diamond.lp
execute_pattern ('37hole_diamond.lp',) {}
executing pattern 37hole_diamond.lp
IsPatterning ===>> OK
IsPatterning ===>> OK
IsPatterning ===>> OK
IsPatterning ===>> OK
IsPatterning ===>> OK
IsPatterning ===>> OK
IsPatterning ===>> OK
IsPatterning ===>> OK
IsPatterning ===>> OK
IsPatterning ===>> OK
IsPatterning ===>> OK
IsPatterning ===>> OK
IsPatterning ===>> OK
IsPatterning ===>> OK
IsPatterning ===>> OK
IsPatterning ===>> OK
IsPatterning ===>> OK
IsPatterning ===>> OK
IsPatterning ===>> OK
IsPatterning ===>> OK
IsPatterning ===>> OK
IsPatterning ===>> OK
IsPatterning ===>> OK
IsPatterning ===>> OK
IsPatterning ===>> OK
IsPatterning ===>> OK
IsPatterning ===>> OK
IsPatterning ===>> OK
IsPatterning ===>> OK
IsPatterning ===>> OK
IsPatterning ===>> OK
IsPatterning ===>> False
IsPatterning ===>> False
Block completed
COMPLETE INTERVAL waiting for Interval 1 to complete
Join finished
block finished. duration 40.199311018
Interval 1 finished
Diode laser disabled.
disable () {}
%%%%%%%%%%%%%%%%%%%%%%%%%%%%%%%%%%% disable
set extraction state False (0.75, 'red', 1.5)
disabling laser
Disable ===>> OK
doing GOSUB
testing...
no interpolation path defined
executed snippet estimated_duration=42.0, duration=0.000410079956055
Equilibrate then isolate coldfinger
close () {'name': 'C', 'description': 'Bone to Turbo'}
close name=C desc=Bone to Turbo
checking ownership. requestor=192.168.2.137
check software interlocks C
interlocks []
actuate state mode=None-script, software_lock=False
doing actuation None-script close_channel True
Close C ===>> OK
GetIndicatorState C ===>> False
change switch state (True, True)
18:11:16 -- CLOSE  VALVE-C (Bone to Turbo)
-------------------------- close C (Bone to Turbo) result=[(True, True)]
action=close, ok=True, locked=[False]
sleep (1,) {}
SLEEP 1.0
open () {'name': 'B', 'description': 'Bone to Diode Laser'}
open name=B desc=Bone to Diode Laser
checking ownership. requestor=192.168.2.137
check software interlocks B
interlocks []
actuate state mode=None-script, software_lock=False
doing actuation None-script open_channel True
Open B ===>> OK
GetIndicatorState B ===>> OK
change switch state (True, True)
18:11:17 -- OPEN   VALVE-B (Bone to Diode Laser)
-------------------------- open B (Bone to Diode Laser) result=[(True, True)]
action=open, ok=True, locked=[False]
sleep (20,) {}
SLEEP 20.0
block started
WaitControl setup for 20.0  
Join finished
block finished. duration 20.1339221001
close () {'name': 'B', 'description': 'Bone to Diode Laser'}
close name=B desc=Bone to Diode Laser
checking ownership. requestor=192.168.2.137
check software interlocks B
interlocks []
actuate state mode=None-script, software_lock=False
doing actuation None-script close_channel True
Close B ===>> OK
GetIndicatorState B ===>> False
change switch state (True, True)
18:11:38 -- CLOSE  VALVE-B (Bone to Diode Laser)
-------------------------- close B (Bone to Diode Laser) result=[(True, True)]
action=close, ok=True, locked=[False]
executed snippet estimated_duration=63.0, duration=22.4926469326
EquilibrateThenIsolateDiodeColdfinger.py completed successfully
gosub finished
sleep (60.0,) {}
SLEEP 60.0
block started
WaitControl setup for 60.0  
Join finished
block finished. duration 60.3059000969
executed snippet estimated_duration=310.5, duration=129.830029964
felix_diode.py completed successfully
GetAchievedOutput ===>> No Response
Requested Output= 0.000
Achieved Output=  0.000
GetResponseBlob ===>> [17][31][180]N[00][00][00][00][224]6[233]=[00][00][250]D[21]Y[07]@[00][00][250]D~[203][131]@[00][...
GetOutputBlob ===>> [17][31][180]N[00][00][00][00][224]6[233]=[164]^[151]A[21]Y[07]@[00][00][00][00]~[203][131]@[00][...
persistence save...
persistence save - db
AutomatedRunPersister post_extraction_save deprecated
persistence save - dvc
no extraction position for 31
Popen(['git', 'cat-file', '--batch-check'], cwd=/Users/obama/PychronDev/data/.dvc/MetaData, universal_newlines=False, shell=None)
not connected to db mysql://felixexp@129.138.12.160/labspy
Enviromentals: {'lab_humiditys': [{'device': 'EnvironmentalMonitor',
                    'name': 'Lab Hum.',
                    'pub_date': '2017-11-17T18:06:41',
                    'title': 'iServer Hum.',
                    'value': 26.9}],
 'lab_pneumatics': [{'device': 'AirPressure',
                     'name': 'Pressure',
                     'pub_date': '2017-11-17T18:10:42',
                     'title': None,
                     'value': 88.425},
                    {'device': 'AirPressure2',
                     'name': 'Pressure2',
                     'pub_date': '2017-11-17T18:10:45',
                     'title': None,
                     'value': 89.85106}],
 'lab_temperatures': [{'device': 'Coldfinger',
                       'name': 'ColdFinger Temp.',
                       'pub_date': '2017-11-17T18:08:43',
                       'title': None,
                       'value': -197.0},
                      {'device': 'EnvironmentalMonitor',
                       'name': 'Lab Temp.',
                       'pub_date': '2017-11-17T17:26:07',
                       'title': 'iServer Temp.',
                       'value': 72.6},
                      {'device': 'Chiller',
                       'name': 'Coolant Temp.',
                       'pub_date': '2017-11-17T18:04:50',
                       'title': None,
                       'value': 18.0}]}
Extraction Finished
18:12:41 -- ******* Extraction Finished *******
no overlap. not waiting for min ms pumptime
18:12:41 -- Sending spectrometer configuration
======== Sending configuration ========
SetZFocus 1.65 ===>> OK
SetHV 9900.0 ===>> OK
SetZSymmetry 3.35 ===>> OK
SetExtractionLens 63.57 ===>> OK
SetIonRepeller -5.15 ===>> OK
SetElectronEnergy 125.02 ===>> OK
SetYSymmetry 38.07 ===>> OK
send trap current 250.0
GetParameter Trap Current Readback ===>> 249.166269913935
SetParameter Trap Current Set,250.0 ===>> OK
updating mftable name argon
Using mftable located at /Users/obama/PychronDev/setupfiles/spectrometer/mftables/argon.csv
============ MFtable ===========
Isotope  H2     H1     AX     L1     L2     L2(CDD)
Ar40     3.7669 3.8423 3.9204 4.0019 4.1095 4.0951
Ar39     3.6925 3.7671 3.8435 3.9264 4.0289 4.0141
Ar36     3.4662 3.4188 3.6080 3.6838 3.7925 3.7670
================================
get initial guess parabolic
get initial guess parabolic
get initial guess parabolic
get initial guess parabolic
get initial guess parabolic
get initial guess parabolic
======== Configuration Finished ========
GetYSymmetry ===>> 38.07
GetZSymmetry ===>> 3.35
GetParameter Trap Current Readback ===>> 248.942501373375
GetHighVoltage ===>> 9900
start measurement
do measurement
L#=65911 analysis type=unknown
Measurement Started felix_analysis400_120_CDD_center.py
18:12:41 -- ******* Measurement Started felix_analysis400_120_CDD_center.py *******
state changed from extraction to measurement
setting trap, emission, spec, defl, and gains
GetExtractionLens ===>> 63.57
GetYSymmetry ===>> 38.07
GetZSymmetry ===>> 3.35
GetZFocus ===>> 1.65
GetDeflection H2 (CDD) ===>> 0
GetDeflection H1 (CDD) ===>> 0
GetDeflection AX (CDD) ===>> 3250
GetDeflection L1 (CDD) ===>> 0
GetDeflection L2 (CDD) ===>> 0
GetGain H2 ===>> 0.9809305
GetGain H1 ===>> 0.9706
GetGain AX ===>> 0.01
GetGain L1 ===>> 0.970094835296087
GetGain L2 ===>> 0.967359864778375
GetGain H2(CDD) ===>> 0
GetGain H1(CDD) ===>> 0
GetGain AX(CDD) ===>> 0
GetGain L1(CDD) ===>> 0
GetGain L2(CDD) ===>> 0
GetParameter Trap Current Readback ===>> 247.599890130013
GetParameter Source Current Readback ===>> 880.749557468107
pre measurement save
New frame /Users/obama/PychronDev/data/isotopes/3f/9a1036-7070-4c9a-9467-e7dc736beb12.h5
flush and close file /Users/obama/PychronDev/data/isotopes/3f/9a1036-7070-4c9a-9467-e7dc736beb12.h5
testing...
no interpolation path defined
executed snippet estimated_duration=585.2304, duration=0.000211000442505
unknown measurement script
activate_detectors ('H2', 'H1', 'AX', 'L1', 'L2(CDD)') {}
activate detectors
*************** Set Analysis View Ar/Ar
create graphs
clearing graphs
creating plots for detectors [Detector(H2), Detector(H1), Detector(AX), Detector(L1), Detector(L2(CDD))]
clear isotope group
setting isotope det=H2, iso=Ar40
setting isotope det=H1, iso=Ar39
setting isotope det=AX, iso=Ar38
setting isotope det=L1, iso=Ar37
setting isotope det=L2(CDD), iso=Ar36
setting previous blanks
 - setting Ar40 blank 0.392+/-0.018
 - setting Ar36 blank 0.00194+/-0.00013
 - setting Ar37 blank 0.003+/-0.011
 - setting Ar38 blank 0.0097+/-0.0032
 - setting Ar39 blank -0.017+/-0.023
 - setting Ar40 baseline (0, 0)
 - setting Ar36 baseline (0, 0)
 - setting Ar37 baseline (0, 0)
 - setting Ar38 baseline (0, 0)
 - setting Ar39 baseline (0, 0)
 - setting Ar40 baseline -0.054+/-0.011
 - setting Ar36 baseline (1.5+/-0.5)e-05
 - setting Ar37 baseline -0.301+/-0.010
 - setting Ar38 baseline -0.0553+/-0.0032
 - setting Ar39 baseline -0.033+/-0.011
load analysis view
position_magnet ('Ar36',) {'detector': 'L2(CDD)'}
detector Detector(L2(CDD))
POSITION Ar36 L2(CDD)
molweights={'PHHCl': 38.13021421, 'Ar40': 39.9624, 'PM41': 41.0, 'Ar35': 35.0, 'Ar36': 35.9675, 'Ar37': 36.9668, 'PHHCbs': 38.9016474, 'Ar38': 37.9627, 'Ar39': 38.964, 'PM42': 42.0}
setting detector H2 to Ar40 (39.9675)
setting detector H1 to Ar39 (38.9675)
setting detector AX to Ar38 (37.9675)
setting detector L1 to Ar37 (36.9675)
setting detector L2 to Ar36 (35.8675)
setting detector H2(CDD) to Ar40 (39.8675)
setting detector H1(CDD) to Ar39 (38.8675)
setting detector AX(CDD) to Ar38 (37.8675)
setting detector L1(CDD) to Ar37 (36.8675)
setting detector L2(CDD) to Ar36 (35.9675)
Mapping mass to dac mass func: "parabolic"
L2(CDD) map mass coeffs = [ -3.27842094e-04   1.07025236e-01   3.41686374e-01]
L2(CDD) map mass to dac 35.9675 >> 3.767
GetDeflection L2 (CDD) ===>> 0
GetHighVoltage ===>> 9900
positioning Ar36 (3.767) on L2(CDD)
setting magnet DAC
current  : 3.766998
requested: 3.767000
Delta Dac: 0.000002
Checking detector protection. dv=0.00000
AF Demag not enabled. self.use_af_demag=True, use_af_demag=False
SetMagnetDAC 3.767 ===>> OK
Magnet settling time: 0.500 0.500
Magnet settling complete
set_dac. change=True
setting previous blanks
 - setting Ar40 blank 0.392+/-0.018
 - setting Ar36 blank 0.00194+/-0.00013
 - setting Ar37 blank 0.003+/-0.011
 - setting Ar38 blank 0.0097+/-0.0032
 - setting Ar39 blank -0.017+/-0.023
 - setting Ar40 baseline (0, 0)
 - setting Ar36 baseline (0, 0)
 - setting Ar37 baseline (0, 0)
 - setting Ar38 baseline (0, 0)
 - setting Ar39 baseline (0, 0)
 - setting Ar40 baseline -0.054+/-0.011
 - setting Ar36 baseline (1.5+/-0.5)e-05
 - setting Ar37 baseline -0.301+/-0.010
 - setting Ar38 baseline -0.0553+/-0.0032
 - setting Ar39 baseline -0.033+/-0.011
cleaned isotoped group ['Ar40', 'Ar36', 'Ar37', 'Ar38', 'Ar39']
load analysis view
equilibrate () {'delay': 3, 'inlet': 'H', 'outlet': 'V', 'eqtime': 25.0}
Equilibration Started
18:12:42 -- ******* Equilibration Started *******
checking ownership. requestor=192.168.2.137
check software interlocks V
interlocks []
actuate state mode=None-script, software_lock=False
doing actuation None-script close_channel True
Close V ===>> OK
update labels <pychron.experiment.plot_panel.PlotPanel object at 0x13b2808f0>
update labels "<pychron.graph.stacked_regression_graph.StackedRegressionGraph object at 0x13ac6bb90>"
GetIndicatorState V ===>> False
setting label 0 H2 Ar40
change switch state (True, True)
setting label 1 H1 Ar39
setting label 2 AX Ar38
setting label 3 L1 Ar37
setting label 4 L2(CDD) Ar36
update labels "<pychron.graph.stacked_graph.StackedGraph object at 0x13adbb8f0>"
setting label 0 H2 Ar40
setting label 1 H1 Ar39
setting label 2 AX Ar38
setting label 3 L1 Ar37
setting label 4 L2(CDD) Ar36
18:12:42 -- CLOSE  VALVE-V (Felix Ion Pump)
waiting 3s before opening inlet value ('H',)
checking ownership. requestor=192.168.2.137
check software interlocks H
interlocks []
actuate state mode=None-script, software_lock=False
doing actuation None-script open_channel True
Open H ===>> OK
GetIndicatorState H ===>> OK
change switch state (True, True)
18:12:45 -- OPEN   VALVE-H (Felix Inlet)
equilibrating for 25.0sec
set_time_zero () {}
sniff (25.0,) {}
py_sniff
build tables- sniff [Detector(H2), Detector(H1), Detector(AX), Detector(L1), Detector(L2(CDD))]
add group /sniff/Ar40 (Group) u'' table H2
add group /sniff/Ar39 (Group) u'' table H1
add group /sniff/Ar38 (Group) u'' table AX
add group /sniff/Ar37 (Group) u'' table L1
add group /sniff/Ar36 (Group) u'' table L2(CDD)
flush and close file /Users/obama/PychronDev/data/isotopes/3f/9a1036-7070-4c9a-9467-e7dc736beb12.h5
measuring sniff. ncounts=25.0
"sniff" increment series count="1" fit count="0" regressing="False"
starting measurement
measurement period (ms) = 1048.576
Equilibration Finished
18:13:11 -- ******* Equilibration Finished *******
checking ownership. requestor=192.168.2.137
check software interlocks H
interlocks []
actuate state mode=None-script, software_lock=False
doing actuation None-script close_channel True
Close H ===>> OK
GetIndicatorState H ===>> False
change switch state (True, True)
18:13:11 -- CLOSE  VALVE-H (Felix Inlet)
Post Equilibration Started felix_pump_extraction_line.py
18:13:11 -- ******* Post Equilibration Started felix_pump_extraction_line.py *******
testing...
no interpolation path defined
calculate duration
testing...
no interpolation path defined
executed snippet estimated_duration=4.0, duration=0.000160932540894
executed snippet estimated_duration=4.0, duration=0.00571084022522
Pump after analysis
doing GOSUB
testing...
no interpolation path defined
executed snippet estimated_duration=4.0, duration=0.000139951705933
Pump Bone
close () {'description': 'Felix Inlet'}
close name=--- desc=Felix Inlet
checking ownership. requestor=192.168.2.137
check software interlocks H
interlocks []
actuate state mode=None-script, software_lock=False
doing actuation None-script close_channel False
Close H ===>> OK
GetIndicatorState H ===>> False
change switch state (True, True)
18:13:11 -- CLOSE  VALVE-H (Felix Inlet)
-------------------------- close None (Felix Inlet) result=[(True, True)]
action=close, ok=True, locked=[False]
is_closed ('A',) {}
is A () closed?
is closed False
close () {'description': 'CO2 Laser to Bone'}
close name=--- desc=CO2 Laser to Bone
checking ownership. requestor=192.168.2.137
check software interlocks F
interlocks []
actuate state mode=None-script, software_lock=True
VALVE-F(CO2 Laser to Bone) software locked
change switch state (True, False)
-------------------------- close None (CO2 Laser to Bone) result=[(True, False)]
action=close, ok=True, locked=[True]
sleep (1,) {}
SLEEP 1.0
18:13:11 -- collecting point 25
close () {'description': 'CO2 Laser to Roughing'}
close name=--- desc=CO2 Laser to Roughing
checking ownership. requestor=192.168.2.137
check software interlocks G
interlocks []
actuate state mode=None-script, software_lock=True
VALVE-G(CO2 Laser to Roughing) software locked
change switch state (True, False)
-------------------------- close None (CO2 Laser to Roughing) result=[(True, False)]
action=close, ok=True, locked=[True]
open () {'description': 'Bone to Turbo'}
open name=--- desc=Bone to Turbo
checking ownership. requestor=192.168.2.137
check software interlocks C
interlocks []
actuate state mode=None-script, software_lock=False
doing actuation None-script open_channel True
Open C ===>> OK
waiting for write to finish
measurement finished
estimated time: 26.214 actual time: :26.376
flush and close file /Users/obama/PychronDev/data/isotopes/3f/9a1036-7070-4c9a-9467-e7dc736beb12.h5
set_fits () {}
using default fits file=/Users/obama/PychronDev/scripts/measurement/fits/nominal.yaml
GetIndicatorState C ===>> OK
change switch state (True, True)
set "Ar40" to "('Parabolic', 'SEM')"
set "Ar36" to "('Parabolic', 'SEM')"
set "Ar37" to "('linear', 'SEM')"
set "Ar38" to "('linear', 'SEM')"
set "Ar39" to "('Parabolic', 'SEM')"
set_baseline_fits () {}
using default fits file=/Users/obama/PychronDev/scripts/measurement/fits/nominal.yaml
set "H2" to "('average', 'SEM')"
set "L2(CDD)" to "('average', 'SEM')"
set "L1" to "('average', 'SEM')"
set "AX" to "('average', 'SEM')"
set "H1" to "('average', 'SEM')"
multicollect () {'integration_time': 1.048576, 'ncounts': 400}
build tables- signal [Detector(H2), Detector(H1), Detector(AX), Detector(L1), Detector(L2(CDD))]
add group /signal/Ar40 (Group) u'' table H2
add group /signal/Ar39 (Group) u'' table H1
add group /signal/Ar38 (Group) u'' table AX
add group /signal/Ar37 (Group) u'' table L1
add group /signal/Ar36 (Group) u'' table L2(CDD)
18:13:13 -- OPEN   VALVE-C (Bone to Turbo)
flush and close file /Users/obama/PychronDev/data/isotopes/3f/9a1036-7070-4c9a-9467-e7dc736beb12.h5
-------------------------- open None (Bone to Turbo) result=[(True, True)]
measuring signal. ncounts=400
"signal" increment series count="2" fit count="1" regressing="True"
action=open, ok=True, locked=[False]
open () {'description': 'Bone to Getter GP-50'}
open name=--- desc=Bone to Getter GP-50
checking ownership. requestor=192.168.2.137
check software interlocks N
interlocks []
actuate state mode=None-script, software_lock=False
doing actuation None-script open_channel False
Open N ===>> OK
GetIndicatorState N ===>> OK
change switch state (True, True)
18:13:13 -- OPEN   VALVE-N (Bone to Getter GP-50)
-------------------------- open None (Bone to Getter GP-50) result=[(True, True)]
starting measurement
measurement period (ms) = 1048.576
action=open, ok=True, locked=[False]
open () {'description': 'Bone to Diode Laser'}
open name=--- desc=Bone to Diode Laser
checking ownership. requestor=192.168.2.137
check software interlocks B
interlocks []
actuate state mode=None-script, software_lock=False
doing actuation None-script open_channel True
Open B ===>> OK
GetIndicatorState B ===>> OK
change switch state (True, True)
18:13:13 -- OPEN   VALVE-B (Bone to Diode Laser)
-------------------------- open None (Bone to Diode Laser) result=[(True, True)]
action=open, ok=True, locked=[False]
open () {'description': 'Bone to CO2 Laser'}
open name=--- desc=Bone to CO2 Laser
checking ownership. requestor=192.168.2.137
check software interlocks D
interlocks []
actuate state mode=None-script, software_lock=False
doing actuation None-script open_channel True
Open D ===>> OK
GetIndicatorState D ===>> OK
change switch state (True, True)
18:13:14 -- OPEN   VALVE-D (Bone to CO2 Laser)
-------------------------- open None (Bone to CO2 Laser) result=[(True, True)]
action=open, ok=True, locked=[False]
sleep (1,) {}
SLEEP 1.0
set_resource () {'name': 'CO2PumpTimeFlag', 'value': 30}
Set CO2PumpTimeFlag 30 ===>> OK
release ('FelixCO2Flag',) {}
release FelixCO2Flag
Set FelixCO2Flag 0 ===>> OK
executed snippet estimated_duration=6.0, duration=4.38358688354
PumpBone.py completed successfully
gosub finished
get_resource_value () {'name': 'FelixMiniboneFlag'}
Read FelixMiniboneFlag ===>> 0
Get Resource Value FelixMiniboneFlag=0.0
executed snippet estimated_duration=4.0, duration=4.42151379585
felix_pump_extraction_line.py completed successfully
Post Equilibration Finished
18:13:15 -- ******* Post Equilibration Finished *******
GetDeflection L2 (CDD) ===>> 0
testing L2_CDD_==3250
evaluate ot="L2(CDD).deflection==3250" t="L2_CDD_==3250", ctx="{'L2_CDD_': 0.0}"
GetDeflection L2 (CDD) ===>> 0
testing L2_CDD_==3250
evaluate ot="L2(CDD).deflection==3250" t="L2_CDD_==3250", ctx="{'L2_CDD_': 0.0}"
18:13:38 -- collecting point 25
GetDeflection L2 (CDD) ===>> 0
testing L2_CDD_==3250
evaluate ot="L2(CDD).deflection==3250" t="L2_CDD_==3250", ctx="{'L2_CDD_': 0.0}"
GetDeflection L2 (CDD) ===>> 0
testing L2_CDD_==3250
evaluate ot="L2(CDD).deflection==3250" t="L2_CDD_==3250", ctx="{'L2_CDD_': 0.0}"
18:14:05 -- collecting point 50
GetDeflection L2 (CDD) ===>> 0
testing L2_CDD_==3250
evaluate ot="L2(CDD).deflection==3250" t="L2_CDD_==3250", ctx="{'L2_CDD_': 0.0}"
GetDeflection L2 (CDD) ===>> 0
testing L2_CDD_==3250
evaluate ot="L2(CDD).deflection==3250" t="L2_CDD_==3250", ctx="{'L2_CDD_': 0.0}"
GetDeflection L2 (CDD) ===>> 0
testing L2_CDD_==3250
evaluate ot="L2(CDD).deflection==3250" t="L2_CDD_==3250", ctx="{'L2_CDD_': 0.0}"
18:14:31 -- collecting point 75
GetDeflection L2 (CDD) ===>> 0
testing L2_CDD_==3250
evaluate ot="L2(CDD).deflection==3250" t="L2_CDD_==3250", ctx="{'L2_CDD_': 0.0}"
GetDeflection L2 (CDD) ===>> 0
testing L2_CDD_==3250
evaluate ot="L2(CDD).deflection==3250" t="L2_CDD_==3250", ctx="{'L2_CDD_': 0.0}"
18:14:57 -- collecting point 100
GetDeflection L2 (CDD) ===>> 0
testing L2_CDD_==3250
evaluate ot="L2(CDD).deflection==3250" t="L2_CDD_==3250", ctx="{'L2_CDD_': 0.0}"
GetDeflection L2 (CDD) ===>> 0
testing L2_CDD_==3250
evaluate ot="L2(CDD).deflection==3250" t="L2_CDD_==3250", ctx="{'L2_CDD_': 0.0}"
GetDeflection L2 (CDD) ===>> 0
testing L2_CDD_==3250
evaluate ot="L2(CDD).deflection==3250" t="L2_CDD_==3250", ctx="{'L2_CDD_': 0.0}"
18:15:24 -- collecting point 125
GetDeflection L2 (CDD) ===>> 0
testing L2_CDD_==3250
evaluate ot="L2(CDD).deflection==3250" t="L2_CDD_==3250", ctx="{'L2_CDD_': 0.0}"
GetDeflection L2 (CDD) ===>> 0
testing L2_CDD_==3250
evaluate ot="L2(CDD).deflection==3250" t="L2_CDD_==3250", ctx="{'L2_CDD_': 0.0}"
18:15:50 -- collecting point 150
GetDeflection L2 (CDD) ===>> 0
testing L2_CDD_==3250
evaluate ot="L2(CDD).deflection==3250" t="L2_CDD_==3250", ctx="{'L2_CDD_': 0.0}"
GetDeflection L2 (CDD) ===>> 0
testing L2_CDD_==3250
evaluate ot="L2(CDD).deflection==3250" t="L2_CDD_==3250", ctx="{'L2_CDD_': 0.0}"
GetDeflection L2 (CDD) ===>> 0
testing L2_CDD_==3250
evaluate ot="L2(CDD).deflection==3250" t="L2_CDD_==3250", ctx="{'L2_CDD_': 0.0}"
18:16:16 -- collecting point 175
GetDeflection L2 (CDD) ===>> 0
testing L2_CDD_==3250
evaluate ot="L2(CDD).deflection==3250" t="L2_CDD_==3250", ctx="{'L2_CDD_': 0.0}"
GetDeflection L2 (CDD) ===>> 0
testing L2_CDD_==3250
evaluate ot="L2(CDD).deflection==3250" t="L2_CDD_==3250", ctx="{'L2_CDD_': 0.0}"
18:16:43 -- collecting point 200
GetDeflection L2 (CDD) ===>> 0
testing L2_CDD_==3250
evaluate ot="L2(CDD).deflection==3250" t="L2_CDD_==3250", ctx="{'L2_CDD_': 0.0}"
GetDeflection L2 (CDD) ===>> 0
testing L2_CDD_==3250
evaluate ot="L2(CDD).deflection==3250" t="L2_CDD_==3250", ctx="{'L2_CDD_': 0.0}"
GetDeflection L2 (CDD) ===>> 0
testing L2_CDD_==3250
evaluate ot="L2(CDD).deflection==3250" t="L2_CDD_==3250", ctx="{'L2_CDD_': 0.0}"
18:17:09 -- collecting point 225
GetDeflection L2 (CDD) ===>> 0
testing L2_CDD_==3250
evaluate ot="L2(CDD).deflection==3250" t="L2_CDD_==3250", ctx="{'L2_CDD_': 0.0}"
GetDeflection L2 (CDD) ===>> 0
testing L2_CDD_==3250
evaluate ot="L2(CDD).deflection==3250" t="L2_CDD_==3250", ctx="{'L2_CDD_': 0.0}"
18:17:35 -- collecting point 250
GetDeflection L2 (CDD) ===>> 0
testing L2_CDD_==3250
evaluate ot="L2(CDD).deflection==3250" t="L2_CDD_==3250", ctx="{'L2_CDD_': 0.0}"
GetDeflection L2 (CDD) ===>> 0
testing L2_CDD_==3250
evaluate ot="L2(CDD).deflection==3250" t="L2_CDD_==3250", ctx="{'L2_CDD_': 0.0}"
GetDeflection L2 (CDD) ===>> 0
testing L2_CDD_==3250
evaluate ot="L2(CDD).deflection==3250" t="L2_CDD_==3250", ctx="{'L2_CDD_': 0.0}"
18:18:02 -- collecting point 275
GetDeflection L2 (CDD) ===>> 0
testing L2_CDD_==3250
evaluate ot="L2(CDD).deflection==3250" t="L2_CDD_==3250", ctx="{'L2_CDD_': 0.0}"
GetDeflection L2 (CDD) ===>> 0
testing L2_CDD_==3250
evaluate ot="L2(CDD).deflection==3250" t="L2_CDD_==3250", ctx="{'L2_CDD_': 0.0}"
18:18:28 -- collecting point 300
GetDeflection L2 (CDD) ===>> 0
testing L2_CDD_==3250
evaluate ot="L2(CDD).deflection==3250" t="L2_CDD_==3250", ctx="{'L2_CDD_': 0.0}"
GetDeflection L2 (CDD) ===>> 0
testing L2_CDD_==3250
evaluate ot="L2(CDD).deflection==3250" t="L2_CDD_==3250", ctx="{'L2_CDD_': 0.0}"
no intensity change cnt= 0
signals=[  1.14732498e+00   3.56928892e+02   4.40208357e+00   2.08357295e-01
   1.51556847e+00  -2.93377327e-01]
prev_signals=[  1.14732498e+00   3.56928892e+02   4.40208357e+00   2.08357295e-01
   1.51556847e+00  -2.93377327e-01]
resetting no_intensity_change_cnt
signals=[  1.15614561e+00   3.56301807e+02   4.30542195e+00   2.01132956e-01
   1.38236911e+00  -1.97705140e-02]
prev_signals=[  1.14732498e+00   3.56928892e+02   4.40208357e+00   2.08357295e-01
   1.51556847e+00  -2.93377327e-01]
GetDeflection L2 (CDD) ===>> 0
testing L2_CDD_==3250
evaluate ot="L2(CDD).deflection==3250" t="L2_CDD_==3250", ctx="{'L2_CDD_': 0.0}"
18:18:54 -- collecting point 325
GetDeflection L2 (CDD) ===>> 0
testing L2_CDD_==3250
evaluate ot="L2(CDD).deflection==3250" t="L2_CDD_==3250", ctx="{'L2_CDD_': 0.0}"
GetDeflection L2 (CDD) ===>> 0
testing L2_CDD_==3250
evaluate ot="L2(CDD).deflection==3250" t="L2_CDD_==3250", ctx="{'L2_CDD_': 0.0}"
18:19:21 -- collecting point 350
GetDeflection L2 (CDD) ===>> 0
testing L2_CDD_==3250
evaluate ot="L2(CDD).deflection==3250" t="L2_CDD_==3250", ctx="{'L2_CDD_': 0.0}"
GetDeflection L2 (CDD) ===>> 0
testing L2_CDD_==3250
evaluate ot="L2(CDD).deflection==3250" t="L2_CDD_==3250", ctx="{'L2_CDD_': 0.0}"
GetDeflection L2 (CDD) ===>> 0
testing L2_CDD_==3250
evaluate ot="L2(CDD).deflection==3250" t="L2_CDD_==3250", ctx="{'L2_CDD_': 0.0}"
18:19:47 -- collecting point 375
GetDeflection L2 (CDD) ===>> 0
testing L2_CDD_==3250
evaluate ot="L2(CDD).deflection==3250" t="L2_CDD_==3250", ctx="{'L2_CDD_': 0.0}"
GetDeflection L2 (CDD) ===>> 0
testing L2_CDD_==3250
evaluate ot="L2(CDD).deflection==3250" t="L2_CDD_==3250", ctx="{'L2_CDD_': 0.0}"
18:20:13 -- collecting point 400
waiting for write to finish
measurement finished
estimated time: 419.430 actual time: :421.202
flush and close file /Users/obama/PychronDev/data/isotopes/3f/9a1036-7070-4c9a-9467-e7dc736beb12.h5
baselines () {'settling_time': 15.0, 'detector': 'H2', 'mass': 39.862, 'ncounts': 120}
%%%%%%%%%%%%%%%%%%%%%%%%%%%%%%%% Baseline
build tables- baseline [Detector(H2), Detector(H1), Detector(AX), Detector(L1), Detector(L2(CDD))]
add group baseline table H2
add group baseline table H1
add group baseline table AX
add group baseline table L1
add group baseline table L2(CDD)
flush and close file /Users/obama/PychronDev/data/isotopes/3f/9a1036-7070-4c9a-9467-e7dc736beb12.h5
detector Detector(H2)
POSITION 39.862 H2
Mapping mass to dac mass func: "parabolic"
H2 map mass coeffs = [ -2.56720193e-04   9.47812314e-02   3.89224975e-01]
H2 map mass to dac 39.862 >> 3.75947141492
GetHighVoltage ===>> 9900
positioning 39.862 (3.75947141492) on H2
setting magnet DAC
current  : 3.767000
requested: 3.759471
Delta Dac: 0.007529
Checking detector protection. dv=0.00753
AF Demag not enabled. self.use_af_demag=True, use_af_demag=False
SetMagnetDAC 3.75947141492 ===>> OK
Magnet settling time: 0.500 0.500
Magnet settling complete
set_dac. change=True
Delaying 15.0s for detectors to settle
Join finished
measuring baseline. ncounts=120
"baseline" increment series count="2" fit count="1" regressing="True"
starting measurement
measurement period (ms) = 1048.576
GetDeflection L2 (CDD) ===>> 0
testing L2_CDD_==3250
evaluate ot="L2(CDD).deflection==3250" t="L2_CDD_==3250", ctx="{'L2_CDD_': 0.0}"
GetDeflection L2 (CDD) ===>> 0
testing L2_CDD_==3250
evaluate ot="L2(CDD).deflection==3250" t="L2_CDD_==3250", ctx="{'L2_CDD_': 0.0}"
18:20:56 -- collecting point 25
GetDeflection L2 (CDD) ===>> 0
testing L2_CDD_==3250
evaluate ot="L2(CDD).deflection==3250" t="L2_CDD_==3250", ctx="{'L2_CDD_': 0.0}"
GetDeflection L2 (CDD) ===>> 0
testing L2_CDD_==3250
evaluate ot="L2(CDD).deflection==3250" t="L2_CDD_==3250", ctx="{'L2_CDD_': 0.0}"
18:21:22 -- collecting point 50
GetDeflection L2 (CDD) ===>> 0
testing L2_CDD_==3250
evaluate ot="L2(CDD).deflection==3250" t="L2_CDD_==3250", ctx="{'L2_CDD_': 0.0}"
GetDeflection L2 (CDD) ===>> 0
testing L2_CDD_==3250
evaluate ot="L2(CDD).deflection==3250" t="L2_CDD_==3250", ctx="{'L2_CDD_': 0.0}"
GetDeflection L2 (CDD) ===>> 0
testing L2_CDD_==3250
evaluate ot="L2(CDD).deflection==3250" t="L2_CDD_==3250", ctx="{'L2_CDD_': 0.0}"
18:21:49 -- collecting point 75
GetDeflection L2 (CDD) ===>> 0
testing L2_CDD_==3250
evaluate ot="L2(CDD).deflection==3250" t="L2_CDD_==3250", ctx="{'L2_CDD_': 0.0}"
GetDeflection L2 (CDD) ===>> 0
testing L2_CDD_==3250
evaluate ot="L2(CDD).deflection==3250" t="L2_CDD_==3250", ctx="{'L2_CDD_': 0.0}"
18:22:15 -- collecting point 100
GetDeflection L2 (CDD) ===>> 0
testing L2_CDD_==3250
evaluate ot="L2(CDD).deflection==3250" t="L2_CDD_==3250", ctx="{'L2_CDD_': 0.0}"
GetDeflection L2 (CDD) ===>> 0
testing L2_CDD_==3250
evaluate ot="L2(CDD).deflection==3250" t="L2_CDD_==3250", ctx="{'L2_CDD_': 0.0}"
waiting for write to finish
measurement finished
estimated time: 125.829 actual time: :126.424
flush and close file /Users/obama/PychronDev/data/isotopes/3f/9a1036-7070-4c9a-9467-e7dc736beb12.h5
activate_detectors ('H2', 'L2(CDD)') {'peak_center': True}
peak_center () {'detector': 'L2(CDD)', 'config_name': 'CDD_on_36', 'integration_time': 1.048576, 'isotope': 'Ar36'}
peak center: mean=1.1306781374 threshold=0.3
peak center started
setup peak center. detector=['L2(CDD)', 'H2'], isotope=Ar36
VersionedUnpickler [<apptools.sweet_pickle.versioned_unpickler.VersionedUnpickler object at 0x1337acf50>] using Updater [<apptools.sweet_pickle.updater.Updater object at 0x122eb2470>]
setting integration time = 0.524288
SetIntegrationTime 0.524288 ===>> OK
Mapping mass to dac mass func: "parabolic"
L2(CDD) map mass coeffs = [ -3.27842094e-04   1.07025236e-01   3.41686374e-01]
L2(CDD) map mass to dac 35.9675 >> 3.767
GetDeflection L2 (CDD) ===>> 0
GetHighVoltage ===>> 9900
do peak center. <pychron.spectrometer.jobs.peak_center.PeakCenter object at 0x11e91cd10>
doing pc
starting peak center. center dac= 3.767 step_width=3e-05
width = 3e-05
get scan parameters. half-width=0.001,window=0.001, i=0, scalar=1
Scan parameters center=3.76700 width=0.00200 (3.76600 - 3.76800)
Moving to starting dac 3.766
setting magnet DAC
current  : 3.759471
requested: 3.766000
Delta Dac: 0.006529
Checking detector protection. dv=0.00653
SetMagnetDAC 3.766 ===>> OK
Magnet settling time: 0.500 0.500
Magnet settling complete
set_dac. change=True
Wait until signal near baseline. tol= 0.0. timeout= 10
no intensity change cnt= 0
signals=[  2.24463480e-03   1.08664691e+02   9.54648690e-01  -7.01873588e-02
   1.30525700e-01  -3.54704223e-01]
prev_signals=[  2.24463480e-03   1.08664691e+02   9.54648690e-01  -7.01873588e-02
   1.30525700e-01  -3.54704223e-01]
resetting no_intensity_change_cnt
signals=[  1.34678268e-02   2.90639270e+02   3.39049675e+00   1.14060384e-01
   1.11739926e+00   2.96294172e-02]
prev_signals=[  2.24463480e-03   1.08664691e+02   9.54648690e-01  -7.01873588e-02
   1.30525700e-01  -3.54704223e-01]
Peak center failed to move to a baseline position
_do_sweep sm= 3.766, em= 3.768, stm= 3e-05
calculated step values: start=3.766, end=3.768, width=3e-05, nsteps=67.6666666667
setting magnet DAC
current  : 3.766000
requested: 3.766000
Delta Dac: 0.000000
Checking detector protection. dv=0.00000
set_dac. change=False
no intensity change cnt= 0
signals=[  1.69951219e-02   3.36377988e+02   3.86534861e+00   2.09816686e-01
   1.52272132e+00   2.40354285e-01]
prev_signals=[  1.69951219e-02   3.36377988e+02   3.86534861e+00   2.09816686e-01
   1.52272132e+00   2.40354285e-01]
setting magnet DAC
current  : 3.766000
requested: 3.766030
Delta Dac: 0.000030
Checking detector protection. dv=0.00003
Magnet settling time: 1.049 0.500
Magnet settling complete
set_dac. change=True
resetting no_intensity_change_cnt
signals=[  2.62943686e-02   3.37696988e+02   4.19478025e+00   3.47269241e-01
   1.11440092e+00  -1.55320117e-01]
prev_signals=[  1.69951219e-02   3.36377988e+02   3.86534861e+00   2.09816686e-01
   1.52272132e+00   2.40354285e-01]
setting magnet DAC
current  : 3.766030
requested: 3.766061
Delta Dac: 0.000030
Checking detector protection. dv=0.00003
Magnet settling time: 1.049 0.500
Magnet settling complete
set_dac. change=True
setting magnet DAC
current  : 3.766061
requested: 3.766091
Delta Dac: 0.000030
Checking detector protection. dv=0.00003
Magnet settling time: 1.049 0.500
Magnet settling complete
set_dac. change=True
setting magnet DAC
current  : 3.766091
requested: 3.766121
Delta Dac: 0.000030
Checking detector protection. dv=0.00003
Magnet settling time: 1.049 0.500
Magnet settling complete
set_dac. change=True
setting magnet DAC
current  : 3.766121
requested: 3.766152
Delta Dac: 0.000030
Checking detector protection. dv=0.00003
Magnet settling time: 1.049 0.500
Magnet settling complete
set_dac. change=True
setting magnet DAC
current  : 3.766152
requested: 3.766182
Delta Dac: 0.000030
Checking detector protection. dv=0.00003
Magnet settling time: 1.049 0.500
Magnet settling complete
set_dac. change=True
setting magnet DAC
current  : 3.766182
requested: 3.766212
Delta Dac: 0.000030
Checking detector protection. dv=0.00003
Magnet settling time: 1.049 0.500
Magnet settling complete
set_dac. change=True
setting magnet DAC
current  : 3.766212
requested: 3.766242
Delta Dac: 0.000030
Checking detector protection. dv=0.00003
Magnet settling time: 1.049 0.500
Magnet settling complete
set_dac. change=True
setting magnet DAC
current  : 3.766242
requested: 3.766273
Delta Dac: 0.000030
Checking detector protection. dv=0.00003
Magnet settling time: 1.049 0.500
Magnet settling complete
set_dac. change=True
setting magnet DAC
current  : 3.766273
requested: 3.766303
Delta Dac: 0.000030
Checking detector protection. dv=0.00003
Magnet settling time: 1.049 0.500
Magnet settling complete
set_dac. change=True
setting magnet DAC
current  : 3.766303
requested: 3.766333
Delta Dac: 0.000030
Checking detector protection. dv=0.00003
Magnet settling time: 1.049 0.500
Magnet settling complete
set_dac. change=True
setting magnet DAC
current  : 3.766333
requested: 3.766364
Delta Dac: 0.000030
Checking detector protection. dv=0.00003
Magnet settling time: 1.049 0.500
Magnet settling complete
set_dac. change=True
setting magnet DAC
current  : 3.766364
requested: 3.766394
Delta Dac: 0.000030
Checking detector protection. dv=0.00003
Magnet settling time: 1.049 0.500
Magnet settling complete
set_dac. change=True
setting magnet DAC
current  : 3.766394
requested: 3.766424
Delta Dac: 0.000030
Checking detector protection. dv=0.00003
Magnet settling time: 1.049 0.500
Magnet settling complete
set_dac. change=True
setting magnet DAC
current  : 3.766424
requested: 3.766455
Delta Dac: 0.000030
Checking detector protection. dv=0.00003
Magnet settling time: 1.049 0.500
Magnet settling complete
set_dac. change=True
setting magnet DAC
current  : 3.766455
requested: 3.766485
Delta Dac: 0.000030
Checking detector protection. dv=0.00003
Magnet settling time: 1.049 0.500
Magnet settling complete
set_dac. change=True
setting magnet DAC
current  : 3.766485
requested: 3.766515
Delta Dac: 0.000030
Checking detector protection. dv=0.00003
Magnet settling time: 1.049 0.500
Magnet settling complete
set_dac. change=True
setting magnet DAC
current  : 3.766515
requested: 3.766545
Delta Dac: 0.000030
Checking detector protection. dv=0.00003
Magnet settling time: 1.049 0.500
Magnet settling complete
set_dac. change=True
setting magnet DAC
current  : 3.766545
requested: 3.766576
Delta Dac: 0.000030
Checking detector protection. dv=0.00003
Magnet settling time: 1.049 0.500
Magnet settling complete
set_dac. change=True
setting magnet DAC
current  : 3.766576
requested: 3.766606
Delta Dac: 0.000030
Checking detector protection. dv=0.00003
Magnet settling time: 1.049 0.500
Magnet settling complete
set_dac. change=True
setting magnet DAC
current  : 3.766606
requested: 3.766636
Delta Dac: 0.000030
Checking detector protection. dv=0.00003
Magnet settling time: 1.049 0.500
Magnet settling complete
set_dac. change=True
setting magnet DAC
current  : 3.766636
requested: 3.766667
Delta Dac: 0.000030
Checking detector protection. dv=0.00003
Magnet settling time: 1.049 0.500
Magnet settling complete
set_dac. change=True
setting magnet DAC
current  : 3.766667
requested: 3.766697
Delta Dac: 0.000030
Checking detector protection. dv=0.00003
Magnet settling time: 1.049 0.500
Magnet settling complete
set_dac. change=True
setting magnet DAC
current  : 3.766697
requested: 3.766727
Delta Dac: 0.000030
Checking detector protection. dv=0.00003
Magnet settling time: 1.049 0.500
Magnet settling complete
set_dac. change=True
setting magnet DAC
current  : 3.766727
requested: 3.766758
Delta Dac: 0.000030
Checking detector protection. dv=0.00003
Magnet settling time: 1.049 0.500
Magnet settling complete
set_dac. change=True
setting magnet DAC
current  : 3.766758
requested: 3.766788
Delta Dac: 0.000030
Checking detector protection. dv=0.00003
Magnet settling time: 1.049 0.500
Magnet settling complete
set_dac. change=True
setting magnet DAC
current  : 3.766788
requested: 3.766818
Delta Dac: 0.000030
Checking detector protection. dv=0.00003
Magnet settling time: 1.049 0.500
Magnet settling complete
set_dac. change=True
setting magnet DAC
current  : 3.766818
requested: 3.766848
Delta Dac: 0.000030
Checking detector protection. dv=0.00003
Magnet settling time: 1.049 0.500
Magnet settling complete
set_dac. change=True
setting magnet DAC
current  : 3.766848
requested: 3.766879
Delta Dac: 0.000030
Checking detector protection. dv=0.00003
Magnet settling time: 1.049 0.500
Magnet settling complete
set_dac. change=True
setting magnet DAC
current  : 3.766879
requested: 3.766909
Delta Dac: 0.000030
Checking detector protection. dv=0.00003
Magnet settling time: 1.049 0.500
Magnet settling complete
set_dac. change=True
setting magnet DAC
current  : 3.766909
requested: 3.766939
Delta Dac: 0.000030
Checking detector protection. dv=0.00003
Magnet settling time: 1.049 0.500
Magnet settling complete
set_dac. change=True
setting magnet DAC
current  : 3.766939
requested: 3.766970
Delta Dac: 0.000030
Checking detector protection. dv=0.00003
Magnet settling time: 1.049 0.500
Magnet settling complete
set_dac. change=True
setting magnet DAC
current  : 3.766970
requested: 3.767000
Delta Dac: 0.000030
Checking detector protection. dv=0.00003
Magnet settling time: 1.049 0.500
Magnet settling complete
set_dac. change=True
setting magnet DAC
current  : 3.767000
requested: 3.767030
Delta Dac: 0.000030
Checking detector protection. dv=0.00003
Magnet settling time: 1.049 0.500
Magnet settling complete
set_dac. change=True
setting magnet DAC
current  : 3.767030
requested: 3.767061
Delta Dac: 0.000030
Checking detector protection. dv=0.00003
Magnet settling time: 1.049 0.500
Magnet settling complete
set_dac. change=True
setting magnet DAC
current  : 3.767061
requested: 3.767091
Delta Dac: 0.000030
Checking detector protection. dv=0.00003
Magnet settling time: 1.049 0.500
Magnet settling complete
set_dac. change=True
setting magnet DAC
current  : 3.767091
requested: 3.767121
Delta Dac: 0.000030
Checking detector protection. dv=0.00003
Magnet settling time: 1.049 0.500
Magnet settling complete
set_dac. change=True
setting magnet DAC
current  : 3.767121
requested: 3.767152
Delta Dac: 0.000030
Checking detector protection. dv=0.00003
Magnet settling time: 1.049 0.500
Magnet settling complete
set_dac. change=True
setting magnet DAC
current  : 3.767152
requested: 3.767182
Delta Dac: 0.000030
Checking detector protection. dv=0.00003
Magnet settling time: 1.049 0.500
Magnet settling complete
set_dac. change=True
setting magnet DAC
current  : 3.767182
requested: 3.767212
Delta Dac: 0.000030
Checking detector protection. dv=0.00003
Magnet settling time: 1.049 0.500
Magnet settling complete
set_dac. change=True
setting magnet DAC
current  : 3.767212
requested: 3.767242
Delta Dac: 0.000030
Checking detector protection. dv=0.00003
Magnet settling time: 1.049 0.500
Magnet settling complete
set_dac. change=True
setting magnet DAC
current  : 3.767242
requested: 3.767273
Delta Dac: 0.000030
Checking detector protection. dv=0.00003
Magnet settling time: 1.049 0.500
Magnet settling complete
set_dac. change=True
setting magnet DAC
current  : 3.767273
requested: 3.767303
Delta Dac: 0.000030
Checking detector protection. dv=0.00003
Magnet settling time: 1.049 0.500
Magnet settling complete
set_dac. change=True
setting magnet DAC
current  : 3.767303
requested: 3.767333
Delta Dac: 0.000030
Checking detector protection. dv=0.00003
Magnet settling time: 1.049 0.500
Magnet settling complete
set_dac. change=True
setting magnet DAC
current  : 3.767333
requested: 3.767364
Delta Dac: 0.000030
Checking detector protection. dv=0.00003
Magnet settling time: 1.049 0.500
Magnet settling complete
set_dac. change=True
setting magnet DAC
current  : 3.767364
requested: 3.767394
Delta Dac: 0.000030
Checking detector protection. dv=0.00003
Magnet settling time: 1.049 0.500
Magnet settling complete
set_dac. change=True
setting magnet DAC
current  : 3.767394
requested: 3.767424
Delta Dac: 0.000030
Checking detector protection. dv=0.00003
Magnet settling time: 1.049 0.500
Magnet settling complete
set_dac. change=True
setting magnet DAC
current  : 3.767424
requested: 3.767455
Delta Dac: 0.000030
Checking detector protection. dv=0.00003
Magnet settling time: 1.049 0.500
Magnet settling complete
set_dac. change=True
setting magnet DAC
current  : 3.767455
requested: 3.767485
Delta Dac: 0.000030
Checking detector protection. dv=0.00003
Magnet settling time: 1.049 0.500
Magnet settling complete
set_dac. change=True
setting magnet DAC
current  : 3.767485
requested: 3.767515
Delta Dac: 0.000030
Checking detector protection. dv=0.00003
Magnet settling time: 1.049 0.500
Magnet settling complete
set_dac. change=True
setting magnet DAC
current  : 3.767515
requested: 3.767545
Delta Dac: 0.000030
Checking detector protection. dv=0.00003
Magnet settling time: 1.049 0.500
Magnet settling complete
set_dac. change=True
setting magnet DAC
current  : 3.767545
requested: 3.767576
Delta Dac: 0.000030
Checking detector protection. dv=0.00003
Magnet settling time: 1.049 0.500
Magnet settling complete
set_dac. change=True
setting magnet DAC
current  : 3.767576
requested: 3.767606
Delta Dac: 0.000030
Checking detector protection. dv=0.00003
Magnet settling time: 1.049 0.500
Magnet settling complete
set_dac. change=True
setting magnet DAC
current  : 3.767606
requested: 3.767636
Delta Dac: 0.000030
Checking detector protection. dv=0.00003
Magnet settling time: 1.049 0.500
Magnet settling complete
set_dac. change=True
setting magnet DAC
current  : 3.767636
requested: 3.767667
Delta Dac: 0.000030
Checking detector protection. dv=0.00003
Magnet settling time: 1.049 0.500
Magnet settling complete
set_dac. change=True
setting magnet DAC
current  : 3.767667
requested: 3.767697
Delta Dac: 0.000030
Checking detector protection. dv=0.00003
Magnet settling time: 1.049 0.500
Magnet settling complete
set_dac. change=True
setting magnet DAC
current  : 3.767697
requested: 3.767727
Delta Dac: 0.000030
Checking detector protection. dv=0.00003
Magnet settling time: 1.049 0.500
Magnet settling complete
set_dac. change=True
setting magnet DAC
current  : 3.767727
requested: 3.767758
Delta Dac: 0.000030
Checking detector protection. dv=0.00003
Magnet settling time: 1.049 0.500
Magnet settling complete
set_dac. change=True
setting magnet DAC
current  : 3.767758
requested: 3.767788
Delta Dac: 0.000030
Checking detector protection. dv=0.00003
Magnet settling time: 1.049 0.500
Magnet settling complete
set_dac. change=True
setting magnet DAC
current  : 3.767788
requested: 3.767818
Delta Dac: 0.000030
Checking detector protection. dv=0.00003
Magnet settling time: 1.049 0.500
Magnet settling complete
set_dac. change=True
setting magnet DAC
current  : 3.767818
requested: 3.767848
Delta Dac: 0.000030
Checking detector protection. dv=0.00003
Magnet settling time: 1.049 0.500
Magnet settling complete
set_dac. change=True
setting magnet DAC
current  : 3.767848
requested: 3.767879
Delta Dac: 0.000030
Checking detector protection. dv=0.00003
Magnet settling time: 1.049 0.500
Magnet settling complete
set_dac. change=True
setting magnet DAC
current  : 3.767879
requested: 3.767909
Delta Dac: 0.000030
Checking detector protection. dv=0.00003
Magnet settling time: 1.049 0.500
Magnet settling complete
set_dac. change=True
setting magnet DAC
current  : 3.767909
requested: 3.767939
Delta Dac: 0.000030
Checking detector protection. dv=0.00003
Magnet settling time: 1.049 0.500
Magnet settling complete
set_dac. change=True
setting magnet DAC
current  : 3.767939
requested: 3.767970
Delta Dac: 0.000030
Checking detector protection. dv=0.00003
Magnet settling time: 1.049 0.500
Magnet settling complete
set_dac. change=True
setting magnet DAC
current  : 3.767970
requested: 3.768000
Delta Dac: 0.000030
Checking detector protection. dv=0.00003
Magnet settling time: 1.049 0.500
Magnet settling complete
set_dac. change=True
result of _do_sweep=True
result of _calculate_peak_center=([3.766567134268537, 3.7669879759519036, 3.7674088176352702], [0.84081152262596648, 1.1318169157095996, 0.83631675678980999], 3.7670220440881761, 1.1318169157095996)
Failed to find a valid peak. peak not well centered, len(x)=500, len(y)=500, i=499
new center pos Detector(L2(CDD)) (Ar36) @ 3.76698797595
GetHighVoltage ===>> 9900
GetDeflection L2 (CDD) ===>> 0
dac uncorrected for HV and deflection 3.76698797595
update mftable L2(CDD) Ar36 3.76698797595 message=automated run peakcenter
get initial guess parabolic
get initial guess parabolic
get initial guess parabolic
get initial guess parabolic
get initial guess parabolic
get initial guess parabolic
dump mftable to /Users/obama/PychronDev/setupfiles/spectrometer/mftables/argon.csv
add to repo msg=modified - automated run peakcenter
Popen(['git', 'cat-file', '--batch-check'], cwd=/Users/obama/PychronDev/setupfiles/spectrometer/felix_mftable_archive, universal_newlines=False, shell=None)
Popen(['git', 'cat-file', '--batch'], cwd=/Users/obama/PychronDev/setupfiles/spectrometer/felix_mftable_archive, universal_newlines=False, shell=None)
locally archiving mftable
setting magnet DAC
current  : 3.768000
requested: 3.766988
Delta Dac: 0.001012
Checking detector protection. dv=0.00101
sweep finished
SetMagnetDAC 3.76698797595 ===>> OK
Magnet settling time: 0.500 0.500
Magnet settling complete
set_dac. change=True
setting integration time = 1.048576
SetIntegrationTime 1.048576 ===>> OK
Failed to find a valid peak. peak not well centered, len(x)=500, len(y)=500, i=499
flush and close file /Users/obama/PychronDev/data/isotopes/3f/9a1036-7070-4c9a-9467-e7dc736beb12.h5
finished measure script
executed snippet estimated_duration=585.2304, duration=681.592897892
felix_analysis400_120_CDD_center.py completed successfully
Measurement Finished
18:24:03 -- ******* Measurement Finished *******
Post Measurement Started felix_pump_ms.py
18:24:03 -- ******* Post Measurement Started felix_pump_ms.py *******
testing...
no interpolation path defined
executed snippet estimated_duration=0, duration=2.31266021729e-05
Pumping spectrometer
open () {'name': 'V'}
open name=V desc=---
checking ownership. requestor=192.168.2.137
check software interlocks V
interlocks []
actuate state mode=None-script, software_lock=False
doing actuation None-script open_channel True
Open V ===>> OK
GetIndicatorState V ===>> OK
change switch state (True, True)
18:24:03 -- OPEN   VALVE-V (Felix Ion Pump)
-------------------------- open V () result=[(True, True)]
action=open, ok=True, locked=[False]
executed snippet estimated_duration=0, duration=0.377726078033
felix_pump_ms.py completed successfully
setting _ms_pumptime
Post Measurement Finished
18:24:03 -- ******* Post Measurement Finished *******
$$$$$$$$$$$$$$$$$$$$ state at run end measurement
state changed from measurement to success
post measurement save measured=True aborted=False
Set filtering
setting fod for Ar40= {'filter_outliers': True, 'std_devs': 2, 'iterations': 2}
setting fod for H2= {'filter_outliers': True, 'std_devs': 2, 'iterations': 1}
setting fod for Ar36= {'filter_outliers': True, 'std_devs': 2, 'iterations': 2}
setting fod for L2(CDD)= {'filter_outliers': True, 'std_devs': 2, 'iterations': 1}
setting fod for Ar37= {'filter_outliers': True, 'std_devs': 2, 'iterations': 2}
setting fod for L1= {'filter_outliers': True, 'std_devs': 2, 'iterations': 1}
setting fod for Ar38= {'filter_outliers': True, 'std_devs': 2, 'iterations': 2}
setting fod for AX= {'filter_outliers': True, 'std_devs': 2, 'iterations': 1}
setting fod for Ar39= {'filter_outliers': True, 'std_devs': 2, 'iterations': 2}
setting fod for H1= {'filter_outliers': True, 'std_devs': 2, 'iterations': 1}
not connected to db mysql://felixexp@129.138.12.160/labspy
Enviromentals: {'lab_humiditys': [{'device': 'EnvironmentalMonitor',
                    'name': 'Lab Hum.',
                    'pub_date': '2017-11-17T18:13:48',
                    'title': 'iServer Hum.',
                    'value': 27.3}],
 'lab_pneumatics': [{'device': 'AirPressure',
                     'name': 'Pressure',
                     'pub_date': '2017-11-17T18:22:47',
                     'title': None,
                     'value': 104.175},
                    {'device': 'AirPressure2',
                     'name': 'Pressure2',
                     'pub_date': '2017-11-17T18:22:50',
                     'title': None,
                     'value': 106.48144}],
 'lab_temperatures': [{'device': 'Coldfinger',
                       'name': 'ColdFinger Temp.',
                       'pub_date': '2017-11-17T18:08:43',
                       'title': None,
                       'value': -197.0},
                      {'device': 'EnvironmentalMonitor',
                       'name': 'Lab Temp.',
                       'pub_date': '2017-11-17T18:18:52',
                       'title': 'iServer Temp.',
                       'value': 72.3},
                      {'device': 'Chiller',
                       'name': 'Coolant Temp.',
                       'pub_date': '2017-11-17T18:19:51',
                       'title': None,
                       'value': 18.0}]}
persistence save...
persistence save - db
post measurement save
5305299888 connecting to database sqlite://@/
connected to db sqlite://@/
create new session 5305299888
close session 5305299888
No database instance. Not saving post measurement to isotopedb database
$$$$$$$$$$$$$$$ auto_save_detector_ic=False
massspec enabled True
create new session 4805811376
MassSpec Database Version: 16.0
close session 4805811376
saving post measurement to secondary database
saving to massspec database 129.138.12.160/massspecdata
setting labnumber to 65911
setting aliquot to 22
setting step to B
setting uuid to 3f9a1036-7070-4c9a-9467-e7dc736beb12
setting irradpos to 65911
setting extract_device to Fusions Diode
setting tray to 
setting position to 31
setting power_requested to 12.0
setting extract_value to 12.0
setting duration to 40.0
setting duration_at_request to 40.0
setting first_stage_delay to 40.0
setting cleanup to 60.0
setting comment to F:6 GMC, 18.78 mg
setting irradiation to NM-292
setting level to F
setting irradiation_level to F
setting sample to Basal Flow
setting material to Groundmass
setting project to IR995
setting mass_spectrometer to Felix
no attribute chron_dosages
no attribute production_ratios
no attribute interference_corrections
no attribute production_name
no attribute j
Reference Isotope=Ar40
Reference Detector=H2
%%%%%%%%%%%%%%%%%%%% Comment: F:6 GMC, 18.78 mg %%%%%%%%%%%%%%%%%%%
adding isotope Ar40 H2
add baseline dbdet= Ar40. original det= H2
get baseline data Ar40 H2
Get data baseline <pychron.processing.isotope.Baseline object at 0x139bf3e10> len t=120
baseline Ar40. v=-0.0426248192095, e=0.0087909822091
get signal data Ar40 H2
Get data signal Ar40 371.74+/-0.04 len t=400
adding isotope Ar39 H1
add baseline dbdet= Ar39. original det= H1
get baseline data Ar39 H1
Get data baseline <pychron.processing.isotope.Baseline object at 0x13be96ad0> len t=120
baseline Ar39. v=-0.0297751056418, e=0.00904927729718
get signal data Ar39 H1
Get data signal Ar39 4.656+/-0.022 len t=400
adding isotope Ar38 AX
add baseline dbdet= Ar38. original det= AX
get baseline data Ar38 AX
Get data baseline <pychron.processing.isotope.Baseline object at 0x13afd8b90> len t=120
baseline Ar38. v=-0.0543429471565, e=0.00322555692101
get signal data Ar38 AX
Get data signal Ar38 0.329+/-0.004 len t=400
adding isotope Ar37 L1
add baseline dbdet= Ar37. original det= L1
get baseline data Ar37 L1
Get data baseline <pychron.processing.isotope.Baseline object at 0x13c643150> len t=120
baseline Ar37. v=-0.316103237668, e=0.00936757215213
get signal data Ar37 L1
Get data signal Ar37 1.871+/-0.012 len t=400
adding isotope Ar36 L2(CDD)
add baseline dbdet= Ar36. original det= L2(CDD)
get baseline data Ar36 L2(CDD)
Get data baseline <pychron.processing.isotope.Baseline object at 0x13afd8710> len t=120
baseline Ar36. v=0.0, e=0.0
get signal data Ar36 L2(CDD)
Get data signal Ar36 1.1877+/-0.0026 len t=400
65911-22B added analysis time 0.526978969574s
analysis added to mass spec database
mass spec save time= 0.550
persistence save - dvc
================= post measurement started
create new session 4833864208
close session 4833864208
add to repo msg=modified - felix_analysis400_120_CDD_center.py
add to repo msg=modified - felix_diode.py
add to repo msg=modified - felix_pump_ms.py
add to repo msg=modified - felix_pump_extraction_line.py
---------------- Experiment Queue saving disabled
DVC saving peakcenter
Failed to find a valid peak. peak not well centered, len(x)=500, len(y)=500, i=499
ahead behind
Popen(['git', 'fetch', 'origin'], cwd=/Users/obama/PychronDev/data/.dvc/repositories/IR995, universal_newlines=False, shell=None)
Popen(['git', 'status', '-sb'], cwd=/Users/obama/PychronDev/data/.dvc/repositories/IR995, universal_newlines=False, shell=None)
Smart pull ahead: 0 behind: 0
Up-to-date with origin
add to repo msg=modified - 6751a098b8bc6ae0c20cb35c95d6d9fdb27f462d.json
add to repo msg=modified - 11-22B.json
add to repo msg=modified - 11-22B.dat.json
not at valid file /Users/obama/PychronDev/data/.dvc/repositories/IR995/659/tags/11-22B.tags.json
add to repo msg=modified - 11-22B.peak.json
add to repo msg=modified - 11-22B.extr.json
not at valid file /Users/obama/PychronDev/data/.dvc/repositories/IR995/659/monitor/11-22B.moni.json
commit message=<COLLECTION>
Popen(['git', 'cat-file', '--batch-check'], cwd=/Users/obama/PychronDev/data/.dvc/repositories/IR995, universal_newlines=False, shell=None)
Popen(['git', 'cat-file', '--batch'], cwd=/Users/obama/PychronDev/data/.dvc/repositories/IR995, universal_newlines=False, shell=None)
add to repo msg=modified - 11-22B.inte.json
add to repo msg=modified - 11-22B.base.json
commit message=<ISOEVO> default collection fits
add to repo msg=modified - 11-22B.blan.json
commit message=<BLANKS> preceding bu-FD-F-733
add to repo msg=modified - 11-22B.icfa.json
commit message=<ICFactor> default
push repository <pychron.git_archive.repo_manager.GitRepoManager object at 0x133968710>
pushing to remote=origin, url=https://github.com
Popen(['git', 'push', 'origin', 'master'], cwd=/Users/obama/PychronDev/data/.dvc/repositories/IR995, universal_newlines=False, shell=None)
ahead behind
Popen(['git', 'fetch', 'origin'], cwd=/Users/obama/PychronDev/data/.dvc/MetaData, universal_newlines=False, shell=None)
Popen(['git', 'status', '-sb'], cwd=/Users/obama/PychronDev/data/.dvc/MetaData, universal_newlines=False, shell=None)
Smart pull ahead: 0 behind: 0
Up-to-date with origin
Popen(['git', 'diff', 'HEAD', '--name-only'], cwd=/Users/obama/PychronDev/data/.dvc/MetaData, universal_newlines=False, shell=None)
no changes to meta repo
Popen(['git', 'push', 'origin', 'master'], cwd=/Users/obama/PychronDev/data/.dvc/MetaData, universal_newlines=False, shell=None)
create new session 4833864208
add association IR995
get identifier "65911"
setting analysis irradiation position=<pychron.dvc.dvc_orm.IrradiationPositionTbl object at 0x13d71ad50>
close session 4833864208
================= post measurement finished
18:24:13 -- ******* Post Run Check *******
loading queue conditionals post_run_actions
loading system conditionals post_run_actions
loading conditionals from /Users/obama/PychronDev/setupfiles/spectrometer/default_conditionals.yaml
loading queue conditionals post_run_terminations
loading system conditionals post_run_terminations
loading conditionals from /Users/obama/PychronDev/setupfiles/spectrometer/default_conditionals.yaml
Checking default post run terminations n=1
GetDeflection L2 (CDD) ===>> 0
testing L2_CDD_==3250
evaluate ot="L2(CDD).deflection==3250" t="L2_CDD_==3250", ctx="{'L2_CDD_': 0.0}"
18:24:13 -- ******* Post Run Check Passed *******
18:24:13 -- Automated run 65911-22B success duration: 834.079 s
----------------- finish -----------------
----------------- stop -----------------
retroactive repository identifiers disabled
finish run. runs completed=10
update duration runid=65911-22B, duration=834.079192162, md5=6d6bb25a
loading script "felix_analysis400_120_CDD_center.py"
loading script "felix_pump_ms.py"
loading script "felix_diode.py"
loading script "felix_pump_extraction_line.py"
testing...
no interpolation path defined
executed snippet estimated_duration=559.2304, duration=0.000225782394409
script duration name:analysis400_120_CDD_center seconds:559.0
loading script "felix_analysis400_120_CDD_center.py"
loading script "felix_pump_ms.py"
loading script "felix_diode.py"
loading script "felix_pump_extraction_line.py"
testing...
no interpolation path defined
executed snippet estimated_duration=0, duration=2.71797180176e-05
loading script "felix_analysis400_120_CDD_center.py"
loading script "felix_pump_ms.py"
loading script "felix_diode.py"
loading script "felix_pump_extraction_line.py"
testing...
no interpolation path defined
calculate duration
testing...
no interpolation path defined
executed snippet estimated_duration=0, duration=7.20024108887e-05
calculate duration
testing...
no interpolation path defined
executed snippet estimated_duration=0, duration=2.40802764893e-05
calculate duration
testing...
no interpolation path defined
executed snippet estimated_duration=42.0, duration=9.67979431152e-05
executed snippet estimated_duration=42.0, duration=0.00678086280823
script duration name:diode seconds:42.0
loading script "felix_analysis400_120_CDD_center.py"
loading script "felix_pump_ms.py"
loading script "felix_diode.py"
loading script "felix_pump_extraction_line.py"
testing...
no interpolation path defined
calculate duration
testing...
no interpolation path defined
executed snippet estimated_duration=4.0, duration=0.00016188621521
executed snippet estimated_duration=4.0, duration=0.00255703926086
Script duration 601.0
Run total estimated duration= 602.000
analysis400_120_CDD_center in script context. using previous estimated duration
script duration name:analysis400_120_CDD_center seconds:559.0
pump_ms in script context. using previous estimated duration
diode in script context. using previous estimated duration
script duration name:diode seconds:42.0
pump_extraction_line in script context. using previous estimated duration
Script duration 601.0
Run total estimated duration= 602.000
loading script "felix_analysis400_120 no center.py"
loading script "felix_pump_ms.py"
loading script "felix_air_x3.py"
loading script "felix_pump_extraction_line.py"
testing...
no interpolation path defined
executed snippet estimated_duration=559.2304, duration=0.000243186950684
script duration name:analysis400_120 no center seconds:559.0
loading script "felix_analysis400_120 no center.py"
loading script "felix_pump_ms.py"
loading script "felix_air_x3.py"
loading script "felix_pump_extraction_line.py"
testing...
no interpolation path defined
calculate duration
testing...
no interpolation path defined
executed snippet estimated_duration=0, duration=4.91142272949e-05
calculate duration
testing...
no interpolation path defined
executed snippet estimated_duration=0, duration=0.000105857849121
calculate duration
testing...
no interpolation path defined
executed snippet estimated_duration=32.0, duration=8.51154327393e-05
calculate duration
testing...
no interpolation path defined
executed snippet estimated_duration=34.0, duration=0.000101804733276
calculate duration
testing...
no interpolation path defined
executed snippet estimated_duration=2.0, duration=7.20024108887e-05
calculate duration
testing...
no interpolation path defined
executed snippet estimated_duration=34.0, duration=8.01086425781e-05
calculate duration
testing...
no interpolation path defined
executed snippet estimated_duration=34.0, duration=0.000108957290649
calculate duration
testing...
no interpolation path defined
executed snippet estimated_duration=34.0, duration=8.58306884766e-05
calculate duration
testing...
no interpolation path defined
executed snippet estimated_duration=34.0, duration=0.000102996826172
calculate duration
testing...
no interpolation path defined
executed snippet estimated_duration=34.0, duration=7.89165496826e-05
executed snippet estimated_duration=244.0, duration=0.0376658439636
script duration name:air_x3 seconds:244.0
Script duration 803.0
Run total estimated duration= 804.000
script duration name:analysis400_120_CDD_center seconds:559.0
air_x3 in script context. using previous estimated duration
script duration name:air_x3 seconds:244.0
Script duration 803.0
Run total estimated duration= 804.000
script duration name:analysis400_120_CDD_center seconds:559.0
script duration name:air_x3 seconds:244.0
Script duration 803.0
Run total estimated duration= 804.000
script duration name:analysis400_120_CDD_center seconds:559.0
script duration name:air_x3 seconds:244.0
Script duration 803.0
Run total estimated duration= 804.000
analysis400_120 no center in script context. using previous estimated duration
script duration name:analysis400_120 no center seconds:559.0
script duration name:air_x3 seconds:244.0
Script duration 803.0
Run total estimated duration= 804.000
nruns=7 before=5.0, run_dur=5224.0, btw=135.0
write rem/ex queues
/Users/obama/PychronDev/experiments/rem/Load1841.rem.txt
/Users/obama/PychronDev/experiments/rem/Load1841.ex.txt
doing event level: 3
add run
