do run
loading script "felix_analysis400_120.py"
loading script "felix_pump_ms.py"
loading script "felix_diode.py"
loading script "felix_pump_extraction_line.py"
testing...
no interpolation path defined
executed snippet estimated_duration=559.2304, duration=0.000188112258911
script duration name:analysis400_120 seconds:559.0
loading script "felix_analysis400_120.py"
loading script "felix_pump_ms.py"
loading script "felix_diode.py"
loading script "felix_pump_extraction_line.py"
testing...
no interpolation path defined
executed snippet estimated_duration=0, duration=2.00271606445e-05
loading script "felix_analysis400_120.py"
loading script "felix_pump_ms.py"
loading script "felix_diode.py"
loading script "felix_pump_extraction_line.py"
testing...
no interpolation path defined
calculate duration
testing...
no interpolation path defined
executed snippet estimated_duration=0, duration=5.81741333008e-05
calculate duration
testing...
no interpolation path defined
executed snippet estimated_duration=0, duration=1.71661376953e-05
calculate duration
testing...
no interpolation path defined
executed snippet estimated_duration=42.0, duration=0.000107049942017
executed snippet estimated_duration=42.0, duration=0.0023980140686
script duration name:diode seconds:42.0
loading script "felix_analysis400_120.py"
loading script "felix_pump_ms.py"
loading script "felix_diode.py"
loading script "felix_pump_extraction_line.py"
testing...
no interpolation path defined
calculate duration
testing...
no interpolation path defined
executed snippet estimated_duration=4.0, duration=0.00014591217041
executed snippet estimated_duration=4.0, duration=0.00105500221252
Script duration 601.0
Run total estimated duration= 602.000
run duration: 0:10:02
doing event level: 2
13:12:49 -- Setting default integration. t=1.048576
setting integration time = 1.048576
SetIntegrationTime 1.048576 ===>> OK
----------------- start -----------------
**************** Experiment Type: Ar/Ar, Ar/Ar
create new session 4858612720
close session 4858612720
$$$$$ Clearing conditionals
adding conditionals 
Add queue conditionals
add default conditionals
adding default conditionals from /Users/obama/PychronDev/setupfiles/spectrometer/default_conditionals.yaml
Start automated run bu-FD-F-727
loading script "felix_analysis400_120.py"
loading script "felix_pump_ms.py"
loading script "felix_diode.py"
loading script "felix_pump_extraction_line.py"
%%%%%%%%%%%%%%%%%% setting automated run bu-FD-F-727
No value "sensitivity_multiplier" in metadata
$$$$$$$$$$$$$$$ auto_save_detector_ic=False
============================= Pre Extraction Check =============================
loading queue conditionals pre_run_terminations
loading system conditionals pre_run_terminations
loading conditionals from /Users/obama/PychronDev/setupfiles/spectrometer/default_conditionals.yaml
13:12:49 -- ******* Pre Extraction Check *******
Get a measurement from the spectrometer
Pre Extraction Termination data. keys=L2(CDD),H2,H1,AX,L1,L2, signals=0.01074,3.54701,-0.12288,-0.03484,-0.47237,-0.12810
13:12:49 -- testing system defined conditionals
Checking default pre extraction terminations n=2
testing L2_CDD_
evaluate ot="L2(CDD).inactive" t="L2_CDD_", ctx="{'L2_CDD_': False}"
GetDeflection L2 (CDD) ===>> 0
testing L2_CDD_==3250
evaluate ot="L2(CDD).deflection==3250" t="L2_CDD_==3250", ctx="{'L2_CDD_': 0.0}"
13:12:49 -- ******* Pre Extraction Check Passed *******
=================================================================================
13:12:49 -- stopping status monitor. block=True
stop 4834222832
Status monitor stopped
Status monitor finished
13:12:54 -- starting status monitor
start 4834222832
StatusMonitor period=3. Frequencies(state=1, checksum=3, lock=5, owner=5)
start extraction
do extraction
Analysis started at 13:12:58.875211
Extraction Started felix_diode.py
13:12:58 -- ******* Extraction Started felix_diode.py *******
state changed from not run to extraction
DO EXTRACTION <pychron.extraction_line.pyscript_runner.RemotePyScriptRunner object at 0x11ee98b90>
testing...
no interpolation path defined
calculate duration
testing...
no interpolation path defined
executed snippet estimated_duration=0, duration=7.29560852051e-05
calculate duration
testing...
no interpolation path defined
executed snippet estimated_duration=0, duration=1.78813934326e-05
calculate duration
testing...
no interpolation path defined
executed snippet estimated_duration=42.0, duration=6.5803527832e-05
executed snippet estimated_duration=242.0, duration=0.00302505493164
Felix unknown laser analysis
set_motor ('beam', '') {}
setting motor "beam" to 
doing GOSUB
testing...
no interpolation path defined
executed snippet estimated_duration=0, duration=5.79357147217e-05
Prepare for Diode Analysis
close () {'description': 'Felix Inlet'}
close name=--- desc=Felix Inlet
checking ownership. requestor=192.168.2.137
check software interlocks H
interlocks []
actuate state mode=None-script, software_lock=False
doing actuation None-script close_channel False
Close H ===>> OK
GetIndicatorState H ===>> False
change switch state (True, True)
13:12:59 -- CLOSE  VALVE-H (Felix Inlet)
-------------------------- close None (Felix Inlet) result=[(True, True)]
action=close, ok=True, locked=[False]
open () {'description': 'Felix Ion Pump'}
open name=--- desc=Felix Ion Pump
checking ownership. requestor=192.168.2.137
check software interlocks V
interlocks []
actuate state mode=None-script, software_lock=False
doing actuation None-script open_channel False
Open V ===>> OK
GetIndicatorState V ===>> OK
change switch state (True, True)
13:12:59 -- OPEN   VALVE-V (Felix Ion Pump)
-------------------------- open None (Felix Ion Pump) result=[(True, True)]
action=open, ok=True, locked=[False]
close () {'description': 'Bone to Minibone'}
close name=--- desc=Bone to Minibone
checking ownership. requestor=192.168.2.137
check software interlocks E
interlocks []
actuate state mode=None-script, software_lock=False
doing actuation None-script close_channel True
Close E ===>> OK
GetIndicatorState E ===>> False
change switch state (True, True)
13:12:59 -- CLOSE  VALVE-E (Bone to Minibone)
-------------------------- close None (Bone to Minibone) result=[(True, True)]
action=close, ok=True, locked=[False]
open () {'description': 'Bone to Getter GP-50'}
open name=--- desc=Bone to Getter GP-50
checking ownership. requestor=192.168.2.137
check software interlocks N
interlocks []
actuate state mode=None-script, software_lock=False
doing actuation None-script open_channel False
Open N ===>> OK
GetIndicatorState N ===>> OK
change switch state (True, True)
13:13:00 -- OPEN   VALVE-N (Bone to Getter GP-50)
-------------------------- open None (Bone to Getter GP-50) result=[(True, True)]
action=open, ok=True, locked=[False]
close () {'description': 'Bone to CO2 Laser'}
close name=--- desc=Bone to CO2 Laser
checking ownership. requestor=192.168.2.137
check software interlocks D
interlocks []
actuate state mode=None-script, software_lock=False
doing actuation None-script close_channel True
Close D ===>> OK
GetIndicatorState D ===>> False
change switch state (True, True)
13:13:00 -- CLOSE  VALVE-D (Bone to CO2 Laser)
-------------------------- close None (Bone to CO2 Laser) result=[(True, True)]
action=close, ok=True, locked=[False]
open () {'description': 'Bone to Diode Laser'}
open name=--- desc=Bone to Diode Laser
checking ownership. requestor=192.168.2.137
check software interlocks B
interlocks []
actuate state mode=None-script, software_lock=False
doing actuation None-script open_channel False
Open B ===>> OK
GetIndicatorState B ===>> OK
change switch state (True, True)
13:13:01 -- OPEN   VALVE-B (Bone to Diode Laser)
-------------------------- open None (Bone to Diode Laser) result=[(True, True)]
action=open, ok=True, locked=[False]
executed snippet estimated_duration=0, duration=2.48511600494
PrepareForDiodeAnalysis.py completed successfully
gosub finished
doing GOSUB
testing...
no interpolation path defined
executed snippet estimated_duration=0, duration=2.69412994385e-05
Isolate coldfinger
close () {'name': 'B', 'description': 'Bone to Diode Laser'}
close name=B desc=Bone to Diode Laser
checking ownership. requestor=192.168.2.137
check software interlocks B
interlocks []
actuate state mode=None-script, software_lock=False
doing actuation None-script close_channel True
Close B ===>> OK
GetIndicatorState B ===>> False
change switch state (True, True)
13:13:01 -- CLOSE  VALVE-B (Bone to Diode Laser)
-------------------------- close B (Bone to Diode Laser) result=[(True, True)]
action=close, ok=True, locked=[False]
executed snippet estimated_duration=0, duration=0.428256034851
IsolateDiodeColdfinger.py completed successfully
gosub finished
open () {'description': 'Bone to Turbo'}
open name=--- desc=Bone to Turbo
checking ownership. requestor=192.168.2.137
check software interlocks C
interlocks []
actuate state mode=None-script, software_lock=False
doing actuation None-script open_channel False
Open C ===>> OK
GetIndicatorState C ===>> OK
change switch state (True, True)
13:13:01 -- OPEN   VALVE-C (Bone to Turbo)
-------------------------- open None (Bone to Turbo) result=[(True, True)]
action=open, ok=True, locked=[False]
Blank Analyis. No laser heating
sleep (40.0,) {}
SLEEP 40.0
block started
WaitControl setup for 40.0  
Join finished
block finished. duration 40.2222778797
doing GOSUB
testing...
no interpolation path defined
executed snippet estimated_duration=42.0, duration=0.000152111053467
Equilibrate then isolate coldfinger
close () {'name': 'C', 'description': 'Bone to Turbo'}
close name=C desc=Bone to Turbo
checking ownership. requestor=192.168.2.137
check software interlocks C
interlocks []
actuate state mode=None-script, software_lock=False
doing actuation None-script close_channel True
Close C ===>> OK
GetIndicatorState C ===>> False
change switch state (True, True)
13:13:42 -- CLOSE  VALVE-C (Bone to Turbo)
-------------------------- close C (Bone to Turbo) result=[(True, True)]
action=close, ok=True, locked=[False]
sleep (1,) {}
SLEEP 1.0
open () {'name': 'B', 'description': 'Bone to Diode Laser'}
open name=B desc=Bone to Diode Laser
checking ownership. requestor=192.168.2.137
check software interlocks B
interlocks []
actuate state mode=None-script, software_lock=False
doing actuation None-script open_channel True
Open B ===>> OK
GetIndicatorState B ===>> OK
change switch state (True, True)
13:13:43 -- OPEN   VALVE-B (Bone to Diode Laser)
-------------------------- open B (Bone to Diode Laser) result=[(True, True)]
action=open, ok=True, locked=[False]
sleep (20,) {}
SLEEP 20.0
block started
WaitControl setup for 20.0  
Join finished
block finished. duration 20.1092569828
close () {'name': 'B', 'description': 'Bone to Diode Laser'}
close name=B desc=Bone to Diode Laser
checking ownership. requestor=192.168.2.137
check software interlocks B
interlocks []
actuate state mode=None-script, software_lock=False
doing actuation None-script close_channel True
Close B ===>> OK
GetIndicatorState B ===>> False
change switch state (True, True)
13:14:04 -- CLOSE  VALVE-B (Bone to Diode Laser)
-------------------------- close B (Bone to Diode Laser) result=[(True, True)]
action=close, ok=True, locked=[False]
executed snippet estimated_duration=63.0, duration=22.3660311699
EquilibrateThenIsolateDiodeColdfinger.py completed successfully
gosub finished
sleep (60.0,) {}
SLEEP 60.0
block started
WaitControl setup for 60.0  
Join finished
block finished. duration 60.3316040039
executed snippet estimated_duration=342.0, duration=126.246309042
felix_diode.py completed successfully
GetAchievedOutput ===>> No Response
Requested Output= 0.000
Achieved Output=  0.000
GetResponseBlob ===>> [200][27][180]N[00][00][00][00] [183][180]=[00][00][250]D[04][168][05]@[00][00][250]D[149][211][1...
GetOutputBlob ===>> [200][27][180]N[00][00][00][00] [183][180]=LL[146]A[04][168][05]@[00][00][00][00][149][211][130]@...
persistence save...
persistence save - db
AutomatedRunPersister post_extraction_save deprecated
persistence save - dvc
no extraction position for 1
Popen(['git', 'cat-file', '--batch-check'], cwd=/Users/obama/PychronDev/data/.dvc/MetaData, universal_newlines=False, shell=None)
not connected to db mysql://felixexp@129.138.12.160/labspy
Enviromentals: {'lab_humiditys': [{'device': 'EnvironmentalMonitor',
                    'name': 'Lab Hum.',
                    'pub_date': '2017-11-16T13:13:55',
                    'title': 'iServer Hum.',
                    'value': 19.6},
                   {'device': 'RPiWeather',
                    'name': 'Lab Hum. 2',
                    'pub_date': '2017-11-16T01:52:23',
                    'title': 'Base Station Hum.',
                    'value': 20.6880588531494}],
 'lab_pneumatics': [{'device': 'AirPressure',
                     'name': 'Pressure',
                     'pub_date': '2017-11-16T13:13:58',
                     'title': None,
                     'value': 109.725},
                    {'device': 'AirPressure2',
                     'name': 'Pressure2',
                     'pub_date': '2017-11-16T13:13:59',
                     'title': None,
                     'value': 112.45546},
                    {'device': 'RPiWeather',
                     'name': 'Lab Pressure',
                     'pub_date': '2017-11-16T01:18:58',
                     'title': None,
                     'value': 866.759521484375}],
 'lab_temperatures': [{'device': 'Coldfinger',
                       'name': 'ColdFinger Temp.',
                       'pub_date': '2017-11-16T11:34:46',
                       'title': None,
                       'value': -199.0},
                      {'device': 'EnvironmentalMonitor',
                       'name': 'Lab Temp.',
                       'pub_date': '2017-11-16T12:46:36',
                       'title': 'iServer Temp.',
                       'value': 73.7},
                      {'device': 'Chiller',
                       'name': 'Coolant Temp.',
                       'pub_date': '2017-11-16T12:22:06',
                       'title': None,
                       'value': 18.0},
                      {'device': 'RPiWeather',
                       'name': 'Lab Temp. 2',
                       'pub_date': '2017-11-16T01:50:27',
                       'title': 'Base Station Temp.',
                       'value': 75.3231945037842},
                      {'device': 'RPiWeather',
                       'name': 'Lab Temp. 3',
                       'pub_date': '2017-11-16T01:48:16',
                       'title': 'EastDiffuser01',
                       'value': 56.8616},
                      {'device': 'RPiWeather',
                       'name': 'Lab Temp. 4',
                       'pub_date': '2017-11-16T01:44:55',
                       'title': 'EastReturn02',
                       'value': 67.325},
                      {'device': 'RPiWeather',
                       'name': 'Lab Temp. 5',
                       'pub_date': '2017-11-16T01:43:59',
                       'title': 'iServerCalibration03',
                       'value': 68.45},
                      {'device': 'RPiWeather',
                       'name': 'Lab Temp. 6',
                       'pub_date': '2017-11-16T01:45:49',
                       'title': 'SouthWall04',
                       'value': 66.5366},
                      {'device': 'RPiWeather',
                       'name': 'Lab Temp. 7',
                       'pub_date': '2017-11-16T01:49:39',
                       'title': 'SouthWindow05',
                       'value': 61.1366}]}
Extraction Finished
13:15:07 -- ******* Extraction Finished *******
no overlap. not waiting for min ms pumptime
13:15:07 -- Sending spectrometer configuration
======== Sending configuration ========
SetZFocus 1.65 ===>> OK
SetHV 9900.0 ===>> OK
SetZSymmetry 3.35 ===>> OK
SetExtractionLens 63.57 ===>> OK
SetIonRepeller -5.15 ===>> OK
SetElectronEnergy 125.02 ===>> OK
SetYSymmetry 38.07 ===>> OK
send trap current 250.0
GetParameter Trap Current Readback ===>> 248.830617103095
SetParameter Trap Current Set,250.0 ===>> OK
updating mftable name argon
Using mftable located at /Users/obama/PychronDev/setupfiles/spectrometer/mftables/argon.csv
============ MFtable ===========
Isotope  H2     H1     AX     L1     L2     L2(CDD)
Ar40     3.7673 3.8424 3.9205 4.0020 4.1097 4.0952
Ar39     3.6929 3.7673 3.8436 3.9265 4.0290 4.0142
Ar36     3.4665 3.4189 3.6081 3.6839 3.7926 3.7671
================================
get initial guess parabolic
get initial guess parabolic
get initial guess parabolic
get initial guess parabolic
get initial guess parabolic
get initial guess parabolic
======== Configuration Finished ========
GetYSymmetry ===>> 38.07
GetZSymmetry ===>> 3.35
GetParameter Trap Current Readback ===>> 248.271195751694
GetHighVoltage ===>> 9900
start measurement
do measurement
L#=bu-FD-F analysis type=blank_unknown
Measurement Started felix_analysis400_120.py
13:15:08 -- ******* Measurement Started felix_analysis400_120.py *******
state changed from extraction to measurement
setting trap, emission, spec, defl, and gains
GetExtractionLens ===>> 63.57
GetYSymmetry ===>> 38.07
GetZSymmetry ===>> 3.35
GetZFocus ===>> 1.65
GetDeflection H2 (CDD) ===>> 0
GetDeflection H1 (CDD) ===>> 0
GetDeflection AX (CDD) ===>> 3250
GetDeflection L1 (CDD) ===>> 0
GetDeflection L2 (CDD) ===>> 0
GetGain H2 ===>> 0.9809305
GetGain H1 ===>> 0.9706
GetGain AX ===>> 0.01
GetGain L1 ===>> 0.970094835296087
GetGain L2 ===>> 0.967359864778375
GetGain H2(CDD) ===>> 0
GetGain H1(CDD) ===>> 0
GetGain AX(CDD) ===>> 0
GetGain L1(CDD) ===>> 0
GetGain L2(CDD) ===>> 0
GetParameter Trap Current Readback ===>> 248.606848562534
GetParameter Source Current Readback ===>> 880.627906976744
pre measurement save
New frame /Users/obama/PychronDev/data/isotopes/b7/e03e04-6a13-4532-9edd-286629f9f997.h5
flush and close file /Users/obama/PychronDev/data/isotopes/b7/e03e04-6a13-4532-9edd-286629f9f997.h5
testing...
no interpolation path defined
executed snippet estimated_duration=585.2304, duration=0.000189065933228
unknown measurement script
activate_detectors ('H2', 'H1', 'AX', 'L1', 'L2(CDD)') {}
activate detectors
*************** Set Analysis View Ar/Ar
create graphs
clearing graphs
creating plots for detectors [Detector(H2), Detector(H1), Detector(AX), Detector(L1), Detector(L2(CDD))]
clear isotope group
setting isotope det=H2, iso=Ar40
setting isotope det=H1, iso=Ar39
setting isotope det=AX, iso=Ar38
setting isotope det=L1, iso=Ar37
setting isotope det=L2(CDD), iso=Ar36
 - setting Ar40 baseline (0, 0)
 - setting Ar36 baseline (0, 0)
 - setting Ar37 baseline (0, 0)
 - setting Ar38 baseline (0, 0)
 - setting Ar39 baseline (0, 0)
 - setting Ar40 baseline -0.048+/-0.011
 - setting Ar36 baseline (1.6+/-0.4)e-05
 - setting Ar37 baseline -0.254+/-0.011
 - setting Ar38 baseline -0.0561+/-0.0032
 - setting Ar39 baseline -0.055+/-0.013
load analysis view
position_magnet ('Ar40',) {'detector': 'H2'}
detector Detector(H2)
POSITION Ar40 H2
molweights={'PHHCl': 38.13021421, 'Ar40': 39.9624, 'PM41': 41.0, 'Ar35': 35.0, 'Ar36': 35.9675, 'Ar37': 36.9668, 'PHHCbs': 38.9016474, 'Ar38': 37.9627, 'Ar39': 38.964, 'PM42': 42.0}
setting detector H2 to Ar40 (39.9624)
setting detector H1 to Ar39 (38.9624)
setting detector AX to Ar38 (37.9624)
setting detector L1 to Ar37 (36.9624)
setting detector L2 to Ar36 (35.8624)
setting detector H2(CDD) to Ar40 (39.8624)
setting detector H1(CDD) to Ar39 (38.8624)
setting detector AX(CDD) to Ar38 (37.8624)
setting detector L1(CDD) to Ar37 (36.8624)
setting detector L2(CDD) to Ar36 (35.9624)
Mapping mass to dac mass func: "parabolic"
H2 map mass coeffs = [ -2.56720193e-04   9.47812314e-02   3.89584975e-01]
H2 map mass to dac 39.9624 >> 3.76729
GetHighVoltage ===>> 9900
positioning Ar40 (3.76729) on H2
setting magnet DAC
current  : 3.767124
requested: 3.767290
Delta Dac: 0.000166
Checking detector protection. dv=0.00017
AF Demag not enabled. self.use_af_demag=True, use_af_demag=False
SetMagnetDAC 3.76729 ===>> OK
Magnet settling time: 0.500 0.500
Magnet settling complete
set_dac. change=True
update labels <pychron.experiment.plot_panel.PlotPanel object at 0x13120ea10>
update labels "<pychron.graph.stacked_regression_graph.StackedRegressionGraph object at 0x132a92170>"
setting label 0 H2 Ar40
setting label 1 H1 Ar39
setting label 2 AX Ar38
setting label 3 L1 Ar37
setting label 4 L2(CDD) Ar36
update labels "<pychron.graph.stacked_graph.StackedGraph object at 0x134054e30>"
setting label 0 H2 Ar40
setting label 1 H1 Ar39
setting label 2 AX Ar38
setting label 3 L1 Ar37
setting label 4 L2(CDD) Ar36
 - setting Ar40 baseline (0, 0)
 - setting Ar36 baseline (0, 0)
 - setting Ar37 baseline (0, 0)
 - setting Ar38 baseline (0, 0)
 - setting Ar39 baseline (0, 0)
 - setting Ar40 baseline -0.048+/-0.011
 - setting Ar36 baseline (1.6+/-0.4)e-05
 - setting Ar37 baseline -0.254+/-0.011
 - setting Ar38 baseline -0.0561+/-0.0032
 - setting Ar39 baseline -0.055+/-0.013
cleaned isotoped group ['Ar40', 'Ar36', 'Ar37', 'Ar38', 'Ar39']
load analysis view
equilibrate () {'delay': 3, 'inlet': 'H', 'outlet': 'V', 'eqtime': 25.0}
Equilibration Started
13:15:08 -- ******* Equilibration Started *******
checking ownership. requestor=192.168.2.137
check software interlocks V
interlocks []
actuate state mode=None-script, software_lock=False
doing actuation None-script close_channel True
Close V ===>> OK
GetIndicatorState V ===>> False
change switch state (True, True)
13:15:09 -- CLOSE  VALVE-V (Felix Ion Pump)
waiting 3s before opening inlet value ('H',)
checking ownership. requestor=192.168.2.137
check software interlocks H
interlocks []
actuate state mode=None-script, software_lock=False
doing actuation None-script open_channel True
Open H ===>> OK
GetIndicatorState H ===>> OK
change switch state (True, True)
13:15:12 -- OPEN   VALVE-H (Felix Inlet)
set_time_zero () {}
equilibrating for 25.0sec
sniff (25.0,) {}
py_sniff
build tables- sniff [Detector(H2), Detector(H1), Detector(AX), Detector(L1), Detector(L2(CDD))]
add group /sniff/Ar40 (Group) u'' table H2
add group /sniff/Ar39 (Group) u'' table H1
add group /sniff/Ar38 (Group) u'' table AX
add group /sniff/Ar37 (Group) u'' table L1
add group /sniff/Ar36 (Group) u'' table L2(CDD)
flush and close file /Users/obama/PychronDev/data/isotopes/b7/e03e04-6a13-4532-9edd-286629f9f997.h5
measuring sniff. ncounts=25.0
"sniff" increment series count="1" fit count="0" regressing="False"
starting measurement
measurement period (ms) = 1048.576
Equilibration Finished
13:15:37 -- ******* Equilibration Finished *******
checking ownership. requestor=192.168.2.137
check software interlocks H
interlocks []
actuate state mode=None-script, software_lock=False
doing actuation None-script close_channel True
Close H ===>> OK
GetIndicatorState H ===>> False
change switch state (True, True)
13:15:37 -- CLOSE  VALVE-H (Felix Inlet)
Post Equilibration Started felix_pump_extraction_line.py
13:15:37 -- ******* Post Equilibration Started felix_pump_extraction_line.py *******
testing...
no interpolation path defined
calculate duration
testing...
no interpolation path defined
executed snippet estimated_duration=4.0, duration=0.000136852264404
executed snippet estimated_duration=4.0, duration=0.00103998184204
Pump after analysis
doing GOSUB
testing...
no interpolation path defined
executed snippet estimated_duration=4.0, duration=0.000162124633789
Pump Bone
close () {'description': 'Felix Inlet'}
close name=--- desc=Felix Inlet
checking ownership. requestor=192.168.2.137
check software interlocks H
interlocks []
actuate state mode=None-script, software_lock=False
doing actuation None-script close_channel False
Close H ===>> OK
GetIndicatorState H ===>> False
change switch state (True, True)
13:15:37 -- CLOSE  VALVE-H (Felix Inlet)
-------------------------- close None (Felix Inlet) result=[(True, True)]
action=close, ok=True, locked=[False]
is_closed ('A',) {}
is A () closed?
is closed False
close () {'description': 'CO2 Laser to Bone'}
close name=--- desc=CO2 Laser to Bone
checking ownership. requestor=192.168.2.137
check software interlocks F
interlocks []
actuate state mode=None-script, software_lock=True
VALVE-F(CO2 Laser to Bone) software locked
change switch state (True, False)
-------------------------- close None (CO2 Laser to Bone) result=[(True, False)]
action=close, ok=True, locked=[True]
sleep (1,) {}
SLEEP 1.0
13:15:38 -- collecting point 25
close () {'description': 'CO2 Laser to Roughing'}
close name=--- desc=CO2 Laser to Roughing
checking ownership. requestor=192.168.2.137
check software interlocks G
interlocks []
actuate state mode=None-script, software_lock=True
VALVE-G(CO2 Laser to Roughing) software locked
change switch state (True, False)
-------------------------- close None (CO2 Laser to Roughing) result=[(True, False)]
action=close, ok=True, locked=[True]
open () {'description': 'Bone to Turbo'}
open name=--- desc=Bone to Turbo
checking ownership. requestor=192.168.2.137
check software interlocks C
interlocks []
actuate state mode=None-script, software_lock=False
doing actuation None-script open_channel True
Open C ===>> OK
GetIndicatorState C ===>> OK
change switch state (True, True)
13:15:39 -- OPEN   VALVE-C (Bone to Turbo)
-------------------------- open None (Bone to Turbo) result=[(True, True)]
waiting for write to finish
measurement finished
estimated time: 26.214 actual time: :26.432
flush and close file /Users/obama/PychronDev/data/isotopes/b7/e03e04-6a13-4532-9edd-286629f9f997.h5
set_fits () {}
using default fits file=/Users/obama/PychronDev/scripts/measurement/fits/nominal.yaml
set "Ar40" to "('Parabolic', 'SEM')"
set "Ar36" to "('Parabolic', 'SEM')"
set "Ar37" to "('linear', 'SEM')"
set "Ar38" to "('linear', 'SEM')"
set "Ar39" to "('Parabolic', 'SEM')"
set_baseline_fits () {}
using default fits file=/Users/obama/PychronDev/scripts/measurement/fits/nominal.yaml
set "H2" to "('average', 'SEM')"
set "L2(CDD)" to "('average', 'SEM')"
set "L1" to "('average', 'SEM')"
set "AX" to "('average', 'SEM')"
set "H1" to "('average', 'SEM')"
multicollect () {'integration_time': 1.048576, 'ncounts': 400}
build tables- signal [Detector(H2), Detector(H1), Detector(AX), Detector(L1), Detector(L2(CDD))]
add group /signal/Ar40 (Group) u'' table H2
add group /signal/Ar39 (Group) u'' table H1
add group /signal/Ar38 (Group) u'' table AX
add group /signal/Ar37 (Group) u'' table L1
add group /signal/Ar36 (Group) u'' table L2(CDD)
flush and close file /Users/obama/PychronDev/data/isotopes/b7/e03e04-6a13-4532-9edd-286629f9f997.h5
measuring signal. ncounts=400
action=open, ok=True, locked=[False]
open () {'description': 'Bone to Getter GP-50'}
open name=--- desc=Bone to Getter GP-50
checking ownership. requestor=192.168.2.137
check software interlocks N
interlocks []
actuate state mode=None-script, software_lock=False
doing actuation None-script open_channel False
Open N ===>> OK
"signal" increment series count="2" fit count="1" regressing="True"
GetIndicatorState N ===>> OK
change switch state (True, True)
13:15:39 -- OPEN   VALVE-N (Bone to Getter GP-50)
-------------------------- open None (Bone to Getter GP-50) result=[(True, True)]
action=open, ok=True, locked=[False]
open () {'description': 'Bone to Diode Laser'}
open name=--- desc=Bone to Diode Laser
checking ownership. requestor=192.168.2.137
check software interlocks B
interlocks []
actuate state mode=None-script, software_lock=False
doing actuation None-script open_channel True
Open B ===>> OK
starting measurement
measurement period (ms) = 1048.576
GetIndicatorState B ===>> OK
change switch state (True, True)
13:15:39 -- OPEN   VALVE-B (Bone to Diode Laser)
-------------------------- open None (Bone to Diode Laser) result=[(True, True)]
action=open, ok=True, locked=[False]
open () {'description': 'Bone to CO2 Laser'}
open name=--- desc=Bone to CO2 Laser
checking ownership. requestor=192.168.2.137
check software interlocks D
interlocks []
actuate state mode=None-script, software_lock=False
doing actuation None-script open_channel True
Open D ===>> OK
GetIndicatorState D ===>> OK
change switch state (True, True)
13:15:40 -- OPEN   VALVE-D (Bone to CO2 Laser)
-------------------------- open None (Bone to CO2 Laser) result=[(True, True)]
action=open, ok=True, locked=[False]
sleep (1,) {}
SLEEP 1.0
set_resource () {'name': 'CO2PumpTimeFlag', 'value': 30}
Set CO2PumpTimeFlag 30 ===>> OK
release ('FelixCO2Flag',) {}
release FelixCO2Flag
Set FelixCO2Flag 0 ===>> OK
executed snippet estimated_duration=6.0, duration=4.10593080521
PumpBone.py completed successfully
gosub finished
get_resource_value () {'name': 'FelixMiniboneFlag'}
Read FelixMiniboneFlag ===>> 0
Get Resource Value FelixMiniboneFlag=0.0
executed snippet estimated_duration=4.0, duration=4.11344599724
felix_pump_extraction_line.py completed successfully
Post Equilibration Finished
13:15:41 -- ******* Post Equilibration Finished *******
GetDeflection L2 (CDD) ===>> 0
testing L2_CDD_==3250
evaluate ot="L2(CDD).deflection==3250" t="L2_CDD_==3250", ctx="{'L2_CDD_': 0.0}"
GetDeflection L2 (CDD) ===>> 0
testing L2_CDD_==3250
evaluate ot="L2(CDD).deflection==3250" t="L2_CDD_==3250", ctx="{'L2_CDD_': 0.0}"
13:16:05 -- collecting point 25
GetDeflection L2 (CDD) ===>> 0
testing L2_CDD_==3250
evaluate ot="L2(CDD).deflection==3250" t="L2_CDD_==3250", ctx="{'L2_CDD_': 0.0}"
GetDeflection L2 (CDD) ===>> 0
testing L2_CDD_==3250
evaluate ot="L2(CDD).deflection==3250" t="L2_CDD_==3250", ctx="{'L2_CDD_': 0.0}"
13:16:31 -- collecting point 50
GetDeflection L2 (CDD) ===>> 0
testing L2_CDD_==3250
evaluate ot="L2(CDD).deflection==3250" t="L2_CDD_==3250", ctx="{'L2_CDD_': 0.0}"
GetDeflection L2 (CDD) ===>> 0
testing L2_CDD_==3250
evaluate ot="L2(CDD).deflection==3250" t="L2_CDD_==3250", ctx="{'L2_CDD_': 0.0}"
GetDeflection L2 (CDD) ===>> 0
testing L2_CDD_==3250
evaluate ot="L2(CDD).deflection==3250" t="L2_CDD_==3250", ctx="{'L2_CDD_': 0.0}"
13:16:57 -- collecting point 75
GetDeflection L2 (CDD) ===>> 0
testing L2_CDD_==3250
evaluate ot="L2(CDD).deflection==3250" t="L2_CDD_==3250", ctx="{'L2_CDD_': 0.0}"
no intensity change cnt= 0
signals=[ 0.00480993  0.98880045  0.12867588 -0.11942496 -0.16624534 -0.06916791]
prev_signals=[ 0.00480993  0.98880045  0.12867588 -0.11942496 -0.16624534 -0.06916791]
resetting no_intensity_change_cnt
signals=[ 0.00609258  1.04393088 -0.2770594  -0.03283707 -0.58010721 -0.19402867]
prev_signals=[ 0.00480993  0.98880045  0.12867588 -0.11942496 -0.16624534 -0.06916791]
GetDeflection L2 (CDD) ===>> 0
testing L2_CDD_==3250
evaluate ot="L2(CDD).deflection==3250" t="L2_CDD_==3250", ctx="{'L2_CDD_': 0.0}"
13:17:24 -- collecting point 100
GetDeflection L2 (CDD) ===>> 0
testing L2_CDD_==3250
evaluate ot="L2(CDD).deflection==3250" t="L2_CDD_==3250", ctx="{'L2_CDD_': 0.0}"
GetDeflection L2 (CDD) ===>> 0
testing L2_CDD_==3250
evaluate ot="L2(CDD).deflection==3250" t="L2_CDD_==3250", ctx="{'L2_CDD_': 0.0}"
GetDeflection L2 (CDD) ===>> 0
testing L2_CDD_==3250
evaluate ot="L2(CDD).deflection==3250" t="L2_CDD_==3250", ctx="{'L2_CDD_': 0.0}"
13:17:50 -- collecting point 125
GetDeflection L2 (CDD) ===>> 0
testing L2_CDD_==3250
evaluate ot="L2(CDD).deflection==3250" t="L2_CDD_==3250", ctx="{'L2_CDD_': 0.0}"
GetDeflection L2 (CDD) ===>> 0
testing L2_CDD_==3250
evaluate ot="L2(CDD).deflection==3250" t="L2_CDD_==3250", ctx="{'L2_CDD_': 0.0}"
13:18:16 -- collecting point 150
GetDeflection L2 (CDD) ===>> 0
testing L2_CDD_==3250
evaluate ot="L2(CDD).deflection==3250" t="L2_CDD_==3250", ctx="{'L2_CDD_': 0.0}"
GetDeflection L2 (CDD) ===>> 0
testing L2_CDD_==3250
evaluate ot="L2(CDD).deflection==3250" t="L2_CDD_==3250", ctx="{'L2_CDD_': 0.0}"
GetDeflection L2 (CDD) ===>> 0
testing L2_CDD_==3250
evaluate ot="L2(CDD).deflection==3250" t="L2_CDD_==3250", ctx="{'L2_CDD_': 0.0}"
13:18:43 -- collecting point 175
GetDeflection L2 (CDD) ===>> 0
testing L2_CDD_==3250
evaluate ot="L2(CDD).deflection==3250" t="L2_CDD_==3250", ctx="{'L2_CDD_': 0.0}"
GetDeflection L2 (CDD) ===>> 0
testing L2_CDD_==3250
evaluate ot="L2(CDD).deflection==3250" t="L2_CDD_==3250", ctx="{'L2_CDD_': 0.0}"
13:19:09 -- collecting point 200
GetDeflection L2 (CDD) ===>> 0
testing L2_CDD_==3250
evaluate ot="L2(CDD).deflection==3250" t="L2_CDD_==3250", ctx="{'L2_CDD_': 0.0}"
GetDeflection L2 (CDD) ===>> 0
testing L2_CDD_==3250
evaluate ot="L2(CDD).deflection==3250" t="L2_CDD_==3250", ctx="{'L2_CDD_': 0.0}"
GetDeflection L2 (CDD) ===>> 0
testing L2_CDD_==3250
evaluate ot="L2(CDD).deflection==3250" t="L2_CDD_==3250", ctx="{'L2_CDD_': 0.0}"
13:19:35 -- collecting point 225
GetDeflection L2 (CDD) ===>> 0
testing L2_CDD_==3250
evaluate ot="L2(CDD).deflection==3250" t="L2_CDD_==3250", ctx="{'L2_CDD_': 0.0}"
GetDeflection L2 (CDD) ===>> 0
testing L2_CDD_==3250
evaluate ot="L2(CDD).deflection==3250" t="L2_CDD_==3250", ctx="{'L2_CDD_': 0.0}"
13:20:01 -- collecting point 250
GetDeflection L2 (CDD) ===>> 0
testing L2_CDD_==3250
evaluate ot="L2(CDD).deflection==3250" t="L2_CDD_==3250", ctx="{'L2_CDD_': 0.0}"
GetDeflection L2 (CDD) ===>> 0
testing L2_CDD_==3250
evaluate ot="L2(CDD).deflection==3250" t="L2_CDD_==3250", ctx="{'L2_CDD_': 0.0}"
GetDeflection L2 (CDD) ===>> 0
testing L2_CDD_==3250
evaluate ot="L2(CDD).deflection==3250" t="L2_CDD_==3250", ctx="{'L2_CDD_': 0.0}"
13:20:28 -- collecting point 275
GetDeflection L2 (CDD) ===>> 0
testing L2_CDD_==3250
evaluate ot="L2(CDD).deflection==3250" t="L2_CDD_==3250", ctx="{'L2_CDD_': 0.0}"
GetDeflection L2 (CDD) ===>> 0
testing L2_CDD_==3250
evaluate ot="L2(CDD).deflection==3250" t="L2_CDD_==3250", ctx="{'L2_CDD_': 0.0}"
13:20:54 -- collecting point 300
GetDeflection L2 (CDD) ===>> 0
testing L2_CDD_==3250
evaluate ot="L2(CDD).deflection==3250" t="L2_CDD_==3250", ctx="{'L2_CDD_': 0.0}"
GetDeflection L2 (CDD) ===>> 0
testing L2_CDD_==3250
evaluate ot="L2(CDD).deflection==3250" t="L2_CDD_==3250", ctx="{'L2_CDD_': 0.0}"
GetDeflection L2 (CDD) ===>> 0
testing L2_CDD_==3250
evaluate ot="L2(CDD).deflection==3250" t="L2_CDD_==3250", ctx="{'L2_CDD_': 0.0}"
13:21:20 -- collecting point 325
GetDeflection L2 (CDD) ===>> 0
testing L2_CDD_==3250
evaluate ot="L2(CDD).deflection==3250" t="L2_CDD_==3250", ctx="{'L2_CDD_': 0.0}"
GetDeflection L2 (CDD) ===>> 0
testing L2_CDD_==3250
evaluate ot="L2(CDD).deflection==3250" t="L2_CDD_==3250", ctx="{'L2_CDD_': 0.0}"
13:21:47 -- collecting point 350
GetDeflection L2 (CDD) ===>> 0
testing L2_CDD_==3250
evaluate ot="L2(CDD).deflection==3250" t="L2_CDD_==3250", ctx="{'L2_CDD_': 0.0}"
GetDeflection L2 (CDD) ===>> 0
testing L2_CDD_==3250
evaluate ot="L2(CDD).deflection==3250" t="L2_CDD_==3250", ctx="{'L2_CDD_': 0.0}"
GetDeflection L2 (CDD) ===>> 0
testing L2_CDD_==3250
evaluate ot="L2(CDD).deflection==3250" t="L2_CDD_==3250", ctx="{'L2_CDD_': 0.0}"
13:22:13 -- collecting point 375
GetDeflection L2 (CDD) ===>> 0
testing L2_CDD_==3250
evaluate ot="L2(CDD).deflection==3250" t="L2_CDD_==3250", ctx="{'L2_CDD_': 0.0}"
GetDeflection L2 (CDD) ===>> 0
testing L2_CDD_==3250
evaluate ot="L2(CDD).deflection==3250" t="L2_CDD_==3250", ctx="{'L2_CDD_': 0.0}"
13:22:39 -- collecting point 400
waiting for write to finish
measurement finished
estimated time: 419.430 actual time: :421.158
flush and close file /Users/obama/PychronDev/data/isotopes/b7/e03e04-6a13-4532-9edd-286629f9f997.h5
baselines () {'settling_time': 15.0, 'detector': 'H2', 'mass': 39.862, 'ncounts': 120}
%%%%%%%%%%%%%%%%%%%%%%%%%%%%%%%% Baseline
build tables- baseline [Detector(H2), Detector(H1), Detector(AX), Detector(L1), Detector(L2(CDD))]
add group baseline table H2
add group baseline table H1
add group baseline table AX
add group baseline table L1
add group baseline table L2(CDD)
flush and close file /Users/obama/PychronDev/data/isotopes/b7/e03e04-6a13-4532-9edd-286629f9f997.h5
detector Detector(H2)
POSITION 39.862 H2
Mapping mass to dac mass func: "parabolic"
H2 map mass coeffs = [ -2.56720193e-04   9.47812314e-02   3.89584975e-01]
H2 map mass to dac 39.862 >> 3.75983141492
GetHighVoltage ===>> 9900
positioning 39.862 (3.75983141492) on H2
setting magnet DAC
current  : 3.767290
requested: 3.759831
Delta Dac: 0.007459
Checking detector protection. dv=0.00746
AF Demag not enabled. self.use_af_demag=True, use_af_demag=False
SetMagnetDAC 3.75983141492 ===>> OK
Magnet settling time: 0.500 0.500
Magnet settling complete
set_dac. change=True
Delaying 15.0s for detectors to settle
Join finished
measuring baseline. ncounts=120
"baseline" increment series count="2" fit count="1" regressing="True"
starting measurement
measurement period (ms) = 1048.576
GetDeflection L2 (CDD) ===>> 0
testing L2_CDD_==3250
evaluate ot="L2(CDD).deflection==3250" t="L2_CDD_==3250", ctx="{'L2_CDD_': 0.0}"
GetDeflection L2 (CDD) ===>> 0
testing L2_CDD_==3250
evaluate ot="L2(CDD).deflection==3250" t="L2_CDD_==3250", ctx="{'L2_CDD_': 0.0}"
13:23:22 -- collecting point 25
GetDeflection L2 (CDD) ===>> 0
testing L2_CDD_==3250
evaluate ot="L2(CDD).deflection==3250" t="L2_CDD_==3250", ctx="{'L2_CDD_': 0.0}"
GetDeflection L2 (CDD) ===>> 0
testing L2_CDD_==3250
evaluate ot="L2(CDD).deflection==3250" t="L2_CDD_==3250", ctx="{'L2_CDD_': 0.0}"
13:23:48 -- collecting point 50
GetDeflection L2 (CDD) ===>> 0
testing L2_CDD_==3250
evaluate ot="L2(CDD).deflection==3250" t="L2_CDD_==3250", ctx="{'L2_CDD_': 0.0}"
GetDeflection L2 (CDD) ===>> 0
testing L2_CDD_==3250
evaluate ot="L2(CDD).deflection==3250" t="L2_CDD_==3250", ctx="{'L2_CDD_': 0.0}"
GetDeflection L2 (CDD) ===>> 0
testing L2_CDD_==3250
evaluate ot="L2(CDD).deflection==3250" t="L2_CDD_==3250", ctx="{'L2_CDD_': 0.0}"
13:24:15 -- collecting point 75
GetDeflection L2 (CDD) ===>> 0
testing L2_CDD_==3250
evaluate ot="L2(CDD).deflection==3250" t="L2_CDD_==3250", ctx="{'L2_CDD_': 0.0}"
GetDeflection L2 (CDD) ===>> 0
testing L2_CDD_==3250
evaluate ot="L2(CDD).deflection==3250" t="L2_CDD_==3250", ctx="{'L2_CDD_': 0.0}"
13:24:41 -- collecting point 100
GetDeflection L2 (CDD) ===>> 0
testing L2_CDD_==3250
evaluate ot="L2(CDD).deflection==3250" t="L2_CDD_==3250", ctx="{'L2_CDD_': 0.0}"
GetDeflection L2 (CDD) ===>> 0
testing L2_CDD_==3250
evaluate ot="L2(CDD).deflection==3250" t="L2_CDD_==3250", ctx="{'L2_CDD_': 0.0}"
waiting for write to finish
measurement finished
estimated time: 125.829 actual time: :126.418
flush and close file /Users/obama/PychronDev/data/isotopes/b7/e03e04-6a13-4532-9edd-286629f9f997.h5
activate_detectors ('H1', 'L2(CDD)') {'peak_center': True}
peak_center () {'detector': 'H2', 'integration_time': 1.048576, 'isotope': 'Ar40'}
peak center: mean=2.388867381 threshold=1.0
peak center started
setup peak center. detector=['H2', 'H1', 'L2(CDD)'], isotope=Ar40
VersionedUnpickler [<apptools.sweet_pickle.versioned_unpickler.VersionedUnpickler object at 0x133e464d0>] using Updater [<apptools.sweet_pickle.updater.Updater object at 0x122eb2470>]
VersionedUnpickler [<apptools.sweet_pickle.versioned_unpickler.VersionedUnpickler object at 0x133e464d0>] using Updater [<apptools.sweet_pickle.updater.Updater object at 0x122eb2470>]
setting integration time = 0.524288
SetIntegrationTime 0.524288 ===>> OK
Mapping mass to dac mass func: "parabolic"
H2 map mass coeffs = [ -2.56720193e-04   9.47812314e-02   3.89584975e-01]
H2 map mass to dac 39.9624 >> 3.76729
GetHighVoltage ===>> 9900
do peak center. <pychron.spectrometer.jobs.peak_center.PeakCenter object at 0x131d30fb0>
doing pc
starting peak center. center dac= 3.76729 step_width=0.0001
width = 0.0001
get scan parameters. half-width=0.002,window=0.002, i=0, scalar=1
Scan parameters center=3.76729 width=0.00400 (3.76529 - 3.76929)
Moving to starting dac 3.76529
setting magnet DAC
current  : 3.759831
requested: 3.765290
Delta Dac: 0.005459
Checking detector protection. dv=0.00546
SetMagnetDAC 3.76529 ===>> OK
Magnet settling time: 0.500 0.500
Magnet settling complete
set_dac. change=True
Wait until signal near baseline. tol= -0.0343019925138. timeout= 10
no intensity change cnt= 0
signals=[ 0.         -0.04573599 -0.11467006 -0.04127304 -0.21431507 -0.16496868]
prev_signals=[ 0.         -0.04573599 -0.11467006 -0.04127304 -0.21431507 -0.16496868]
Peak center baseline intensity achieved
_do_sweep sm= 3.76529, em= 3.76929, stm= 0.0001
calculated step values: start=3.76529, end=3.76929, width=0.0001, nsteps=41.0
setting magnet DAC
current  : 3.765290
requested: 3.765290
Delta Dac: 0.000000
Checking detector protection. dv=0.00000
set_dac. change=False
resetting no_intensity_change_cnt
signals=[ 0.         -0.04387135  0.3756329   0.00450391 -0.39880395  0.03261647]
prev_signals=[ 0.         -0.04573599 -0.11467006 -0.04127304 -0.21431507 -0.16496868]
setting magnet DAC
current  : 3.765290
requested: 3.765393
Delta Dac: 0.000103
Checking detector protection. dv=0.00010
Magnet settling time: 1.049 0.500
Magnet settling complete
set_dac. change=True
setting magnet DAC
current  : 3.765393
requested: 3.765495
Delta Dac: 0.000103
Checking detector protection. dv=0.00010
Magnet settling time: 1.049 0.500
Magnet settling complete
set_dac. change=True
setting magnet DAC
current  : 3.765495
requested: 3.765598
Delta Dac: 0.000103
Checking detector protection. dv=0.00010
Magnet settling time: 1.049 0.500
Magnet settling complete
set_dac. change=True
setting magnet DAC
current  : 3.765598
requested: 3.765700
Delta Dac: 0.000103
Checking detector protection. dv=0.00010
Magnet settling time: 1.049 0.500
Magnet settling complete
set_dac. change=True
setting magnet DAC
current  : 3.765700
requested: 3.765803
Delta Dac: 0.000103
Checking detector protection. dv=0.00010
Magnet settling time: 1.049 0.500
Magnet settling complete
set_dac. change=True
setting magnet DAC
current  : 3.765803
requested: 3.765905
Delta Dac: 0.000103
Checking detector protection. dv=0.00010
Magnet settling time: 1.049 0.500
Magnet settling complete
set_dac. change=True
setting magnet DAC
current  : 3.765905
requested: 3.766008
Delta Dac: 0.000103
Checking detector protection. dv=0.00010
Magnet settling time: 1.049 0.500
Magnet settling complete
set_dac. change=True
setting magnet DAC
current  : 3.766008
requested: 3.766111
Delta Dac: 0.000103
Checking detector protection. dv=0.00010
Magnet settling time: 1.049 0.500
Magnet settling complete
set_dac. change=True
setting magnet DAC
current  : 3.766111
requested: 3.766213
Delta Dac: 0.000103
Checking detector protection. dv=0.00010
Magnet settling time: 1.049 0.500
Magnet settling complete
set_dac. change=True
setting magnet DAC
current  : 3.766213
requested: 3.766316
Delta Dac: 0.000103
Checking detector protection. dv=0.00010
Magnet settling time: 1.049 0.500
Magnet settling complete
set_dac. change=True
setting magnet DAC
current  : 3.766316
requested: 3.766418
Delta Dac: 0.000103
Checking detector protection. dv=0.00010
Magnet settling time: 1.049 0.500
Magnet settling complete
set_dac. change=True
setting magnet DAC
current  : 3.766418
requested: 3.766521
Delta Dac: 0.000103
Checking detector protection. dv=0.00010
Magnet settling time: 1.049 0.500
Magnet settling complete
set_dac. change=True
setting magnet DAC
current  : 3.766521
requested: 3.766623
Delta Dac: 0.000103
Checking detector protection. dv=0.00010
Magnet settling time: 1.049 0.500
Magnet settling complete
set_dac. change=True
setting magnet DAC
current  : 3.766623
requested: 3.766726
Delta Dac: 0.000103
Checking detector protection. dv=0.00010
Magnet settling time: 1.049 0.500
Magnet settling complete
set_dac. change=True
setting magnet DAC
current  : 3.766726
requested: 3.766828
Delta Dac: 0.000103
Checking detector protection. dv=0.00010
Magnet settling time: 1.049 0.500
Magnet settling complete
set_dac. change=True
setting magnet DAC
current  : 3.766828
requested: 3.766931
Delta Dac: 0.000103
Checking detector protection. dv=0.00010
Magnet settling time: 1.049 0.500
Magnet settling complete
set_dac. change=True
setting magnet DAC
current  : 3.766931
requested: 3.767034
Delta Dac: 0.000103
Checking detector protection. dv=0.00010
Magnet settling time: 1.049 0.500
Magnet settling complete
set_dac. change=True
setting magnet DAC
current  : 3.767034
requested: 3.767136
Delta Dac: 0.000103
Checking detector protection. dv=0.00010
Magnet settling time: 1.049 0.500
Magnet settling complete
set_dac. change=True
setting magnet DAC
current  : 3.767136
requested: 3.767239
Delta Dac: 0.000103
Checking detector protection. dv=0.00010
Magnet settling time: 1.049 0.500
Magnet settling complete
set_dac. change=True
setting magnet DAC
current  : 3.767239
requested: 3.767341
Delta Dac: 0.000103
Checking detector protection. dv=0.00010
Magnet settling time: 1.049 0.500
Magnet settling complete
set_dac. change=True
setting magnet DAC
current  : 3.767341
requested: 3.767444
Delta Dac: 0.000103
Checking detector protection. dv=0.00010
Magnet settling time: 1.049 0.500
Magnet settling complete
set_dac. change=True
setting magnet DAC
current  : 3.767444
requested: 3.767546
Delta Dac: 0.000103
Checking detector protection. dv=0.00010
Magnet settling time: 1.049 0.500
Magnet settling complete
set_dac. change=True
setting magnet DAC
current  : 3.767546
requested: 3.767649
Delta Dac: 0.000103
Checking detector protection. dv=0.00010
Magnet settling time: 1.049 0.500
Magnet settling complete
set_dac. change=True
setting magnet DAC
current  : 3.767649
requested: 3.767752
Delta Dac: 0.000103
Checking detector protection. dv=0.00010
Magnet settling time: 1.049 0.500
Magnet settling complete
set_dac. change=True
setting magnet DAC
current  : 3.767752
requested: 3.767854
Delta Dac: 0.000103
Checking detector protection. dv=0.00010
Magnet settling time: 1.049 0.500
Magnet settling complete
set_dac. change=True
setting magnet DAC
current  : 3.767854
requested: 3.767957
Delta Dac: 0.000103
Checking detector protection. dv=0.00010
Magnet settling time: 1.049 0.500
Magnet settling complete
set_dac. change=True
setting magnet DAC
current  : 3.767957
requested: 3.768059
Delta Dac: 0.000103
Checking detector protection. dv=0.00010
Magnet settling time: 1.049 0.500
Magnet settling complete
set_dac. change=True
setting magnet DAC
current  : 3.768059
requested: 3.768162
Delta Dac: 0.000103
Checking detector protection. dv=0.00010
Magnet settling time: 1.049 0.500
Magnet settling complete
set_dac. change=True
setting magnet DAC
current  : 3.768162
requested: 3.768264
Delta Dac: 0.000103
Checking detector protection. dv=0.00010
Magnet settling time: 1.049 0.500
Magnet settling complete
set_dac. change=True
setting magnet DAC
current  : 3.768264
requested: 3.768367
Delta Dac: 0.000103
Checking detector protection. dv=0.00010
Magnet settling time: 1.049 0.500
Magnet settling complete
set_dac. change=True
setting magnet DAC
current  : 3.768367
requested: 3.768469
Delta Dac: 0.000103
Checking detector protection. dv=0.00010
Magnet settling time: 1.049 0.500
Magnet settling complete
set_dac. change=True
setting magnet DAC
current  : 3.768469
requested: 3.768572
Delta Dac: 0.000103
Checking detector protection. dv=0.00010
Magnet settling time: 1.049 0.500
Magnet settling complete
set_dac. change=True
setting magnet DAC
current  : 3.768572
requested: 3.768675
Delta Dac: 0.000103
Checking detector protection. dv=0.00010
Magnet settling time: 1.049 0.500
Magnet settling complete
set_dac. change=True
setting magnet DAC
current  : 3.768675
requested: 3.768777
Delta Dac: 0.000103
Checking detector protection. dv=0.00010
Magnet settling time: 1.049 0.500
Magnet settling complete
set_dac. change=True
setting magnet DAC
current  : 3.768777
requested: 3.768880
Delta Dac: 0.000103
Checking detector protection. dv=0.00010
Magnet settling time: 1.049 0.500
Magnet settling complete
set_dac. change=True
setting magnet DAC
current  : 3.768880
requested: 3.768982
Delta Dac: 0.000103
Checking detector protection. dv=0.00010
Magnet settling time: 1.049 0.500
Magnet settling complete
set_dac. change=True
setting magnet DAC
current  : 3.768982
requested: 3.769085
Delta Dac: 0.000103
Checking detector protection. dv=0.00010
Magnet settling time: 1.049 0.500
Magnet settling complete
set_dac. change=True
setting magnet DAC
current  : 3.769085
requested: 3.769187
Delta Dac: 0.000103
Checking detector protection. dv=0.00010
Magnet settling time: 1.049 0.500
Magnet settling complete
set_dac. change=True
setting magnet DAC
current  : 3.769187
requested: 3.769290
Delta Dac: 0.000103
Checking detector protection. dv=0.00010
Magnet settling time: 1.049 0.500
Magnet settling complete
set_dac. change=True
result of _do_sweep=True
result of _calculate_peak_center=([3.7658230661322647, 3.7669893987975955, 3.7681557314629259], [2.3598937007958956, 3.2037018993271453, 2.3621790616928759], 3.7676386973947897, 3.2037018993271453)
Failed to find a valid peak. No peak greater than 1.0. max = 0.415895085085
Failed to find a valid peak. No peak greater than 1.0. max = 0.0149121948186
new center pos Detector(H2) (Ar40) @ 3.7669893988
GetHighVoltage ===>> 9900
dac uncorrected for HV and deflection 3.7669893988
update mftable H2 Ar40 3.7669893988 message=automated run peakcenter
get initial guess parabolic
dump mftable to /Users/obama/PychronDev/setupfiles/spectrometer/mftables/argon.csv
add to repo msg=modified - automated run peakcenter
Popen(['git', 'cat-file', '--batch-check'], cwd=/Users/obama/PychronDev/setupfiles/spectrometer/felix_mftable_archive, universal_newlines=False, shell=None)
Popen(['git', 'cat-file', '--batch'], cwd=/Users/obama/PychronDev/setupfiles/spectrometer/felix_mftable_archive, universal_newlines=False, shell=None)
locally archiving mftable
setting magnet DAC
current  : 3.769290
requested: 3.766989
Delta Dac: 0.002301
Checking detector protection. dv=0.00230
sweep finished
SetMagnetDAC 3.7669893988 ===>> OK
Magnet settling time: 0.500 0.500
Magnet settling complete
set_dac. change=True
setting integration time = 1.048576
SetIntegrationTime 1.048576 ===>> OK
Failed to find a valid peak. No peak greater than 1.0. max = 0.415895085085
Failed to find a valid peak. No peak greater than 1.0. max = 0.0149121948186
flush and close file /Users/obama/PychronDev/data/isotopes/b7/e03e04-6a13-4532-9edd-286629f9f997.h5
finished measure script
executed snippet estimated_duration=585.2304, duration=640.39248991
felix_analysis400_120.py completed successfully
Measurement Finished
13:25:48 -- ******* Measurement Finished *******
Post Measurement Started felix_pump_ms.py
13:25:48 -- ******* Post Measurement Started felix_pump_ms.py *******
testing...
no interpolation path defined
executed snippet estimated_duration=0, duration=2.69412994385e-05
Pumping spectrometer
open () {'name': 'V'}
open name=V desc=---
checking ownership. requestor=192.168.2.137
check software interlocks V
interlocks []
actuate state mode=None-script, software_lock=False
doing actuation None-script open_channel True
Open V ===>> OK
GetIndicatorState V ===>> OK
change switch state (True, True)
13:25:48 -- OPEN   VALVE-V (Felix Ion Pump)
-------------------------- open V () result=[(True, True)]
action=open, ok=True, locked=[False]
executed snippet estimated_duration=0, duration=0.370620012283
felix_pump_ms.py completed successfully
setting _ms_pumptime
Post Measurement Finished
13:25:48 -- ******* Post Measurement Finished *******
$$$$$$$$$$$$$$$$$$$$ state at run end measurement
state changed from measurement to success
post measurement save measured=True aborted=False
Set filtering
setting fod for Ar40= {'filter_outliers': True, 'std_devs': 2, 'iterations': 2}
setting fod for H2= {'filter_outliers': True, 'std_devs': 2, 'iterations': 1}
setting fod for Ar36= {'filter_outliers': True, 'std_devs': 2, 'iterations': 2}
setting fod for L2(CDD)= {'filter_outliers': True, 'std_devs': 2, 'iterations': 1}
setting fod for Ar37= {'filter_outliers': True, 'std_devs': 2, 'iterations': 2}
setting fod for L1= {'filter_outliers': True, 'std_devs': 2, 'iterations': 1}
setting fod for Ar38= {'filter_outliers': True, 'std_devs': 2, 'iterations': 2}
setting fod for AX= {'filter_outliers': True, 'std_devs': 2, 'iterations': 1}
setting fod for Ar39= {'filter_outliers': True, 'std_devs': 2, 'iterations': 2}
setting fod for H1= {'filter_outliers': True, 'std_devs': 2, 'iterations': 1}
not connected to db mysql://felixexp@129.138.12.160/labspy
Enviromentals: {'lab_humiditys': [{'device': 'EnvironmentalMonitor',
                    'name': 'Lab Hum.',
                    'pub_date': '2017-11-16T13:19:01',
                    'title': 'iServer Hum.',
                    'value': 19.9},
                   {'device': 'RPiWeather',
                    'name': 'Lab Hum. 2',
                    'pub_date': '2017-11-16T01:52:23',
                    'title': 'Base Station Hum.',
                    'value': 20.6880588531494}],
 'lab_pneumatics': [{'device': 'AirPressure',
                     'name': 'Pressure',
                     'pub_date': '2017-11-16T13:24:00',
                     'title': None,
                     'value': 96.075},
                    {'device': 'AirPressure2',
                     'name': 'Pressure2',
                     'pub_date': '2017-11-16T13:24:02',
                     'title': None,
                     'value': 97.65496},
                    {'device': 'RPiWeather',
                     'name': 'Lab Pressure',
                     'pub_date': '2017-11-16T01:18:58',
                     'title': None,
                     'value': 866.759521484375}],
 'lab_temperatures': [{'device': 'Coldfinger',
                       'name': 'ColdFinger Temp.',
                       'pub_date': '2017-11-16T11:34:46',
                       'title': None,
                       'value': -199.0},
                      {'device': 'EnvironmentalMonitor',
                       'name': 'Lab Temp.',
                       'pub_date': '2017-11-16T12:46:36',
                       'title': 'iServer Temp.',
                       'value': 73.7},
                      {'device': 'Chiller',
                       'name': 'Coolant Temp.',
                       'pub_date': '2017-11-16T12:22:06',
                       'title': None,
                       'value': 18.0},
                      {'device': 'RPiWeather',
                       'name': 'Lab Temp. 2',
                       'pub_date': '2017-11-16T01:50:27',
                       'title': 'Base Station Temp.',
                       'value': 75.3231945037842},
                      {'device': 'RPiWeather',
                       'name': 'Lab Temp. 3',
                       'pub_date': '2017-11-16T01:48:16',
                       'title': 'EastDiffuser01',
                       'value': 56.8616},
                      {'device': 'RPiWeather',
                       'name': 'Lab Temp. 4',
                       'pub_date': '2017-11-16T01:44:55',
                       'title': 'EastReturn02',
                       'value': 67.325},
                      {'device': 'RPiWeather',
                       'name': 'Lab Temp. 5',
                       'pub_date': '2017-11-16T01:43:59',
                       'title': 'iServerCalibration03',
                       'value': 68.45},
                      {'device': 'RPiWeather',
                       'name': 'Lab Temp. 6',
                       'pub_date': '2017-11-16T01:45:49',
                       'title': 'SouthWall04',
                       'value': 66.5366},
                      {'device': 'RPiWeather',
                       'name': 'Lab Temp. 7',
                       'pub_date': '2017-11-16T01:49:39',
                       'title': 'SouthWindow05',
                       'value': 61.1366}]}
persistence save...
persistence save - db
post measurement save
5122014096 connecting to database sqlite://@/
connected to db sqlite://@/
create new session 5122014096
close session 5122014096
No database instance. Not saving post measurement to isotopedb database
$$$$$$$$$$$$$$$ auto_save_detector_ic=False
massspec enabled True
create new session 4805811376
MassSpec Database Version: 16.0
close session 4805811376
saving post measurement to secondary database
saving to massspec database 129.138.12.160/massspecdata
setting labnumber to bu-FD-F
setting aliquot to 727
setting step to 
setting uuid to b7e03e04-6a13-4532-9edd-286629f9f997
setting irradpos to bu-FD-F
setting extract_device to Fusions Diode
setting tray to 37-hole
setting position to 1
setting power_requested to 0.0
setting extract_value to 0.0
setting duration to 40.0
setting duration_at_request to 40.0
setting first_stage_delay to 40.0
setting cleanup to 60.0
setting comment to 
setting irradiation to NoIrradiation
setting level to A
setting irradiation_level to A
setting sample to blank_unknown
setting material to Blank
setting project to REFERENCES
setting mass_spectrometer to Felix
no attribute chron_dosages
no attribute production_ratios
no attribute interference_corrections
no attribute production_name
no attribute j
Reference Isotope=Ar40
Reference Detector=H2
%%%%%%%%%%%%%%%%%%%% Comment:  %%%%%%%%%%%%%%%%%%%
adding isotope Ar40 H2
add baseline dbdet= Ar40. original det= H2
get baseline data Ar40 H2
Get data baseline <pychron.processing.isotope.Baseline object at 0x132ce6250> len t=120
baseline Ar40. v=-0.0593968307519, e=0.00847314635404
get signal data Ar40 H2
Get data signal Ar40 0.645+/-0.019 len t=400
adding isotope Ar39 H1
add baseline dbdet= Ar39. original det= H1
get baseline data Ar39 H1
Get data baseline <pychron.processing.isotope.Baseline object at 0x133537990> len t=120
baseline Ar39. v=-0.0461035942135, e=0.0120285183368
get signal data Ar39 H1
Get data signal Ar39 0.020+/-0.022 len t=400
adding isotope Ar38 AX
add baseline dbdet= Ar38. original det= AX
get baseline data Ar38 AX
Get data baseline <pychron.processing.isotope.Baseline object at 0x133537f90> len t=120
baseline Ar38. v=-0.0576311710932, e=0.00277340809289
get signal data Ar38 AX
Get data signal Ar38 -0.0007+/-0.0035 len t=400
adding isotope Ar37 L1
add baseline dbdet= Ar37. original det= L1
get baseline data Ar37 L1
Get data baseline <pychron.processing.isotope.Baseline object at 0x133537250> len t=120
baseline Ar37. v=-0.269218667604, e=0.00901798405659
get signal data Ar37 L1
Get data signal Ar37 0.017+/-0.011 len t=400
adding isotope Ar36 L2(CDD)
add baseline dbdet= Ar36. original det= L2(CDD)
get baseline data Ar36 L2(CDD)
Get data baseline <pychron.processing.isotope.Baseline object at 0x132ce60d0> len t=120
baseline Ar36. v=0.0, e=0.0
get signal data Ar36 L2(CDD)
Get data signal Ar36 0.00443+/-0.00015 len t=400
bu-FD-F-727 added analysis time 0.497781038284s
analysis added to mass spec database
mass spec save time= 0.507
persistence save - dvc
================= post measurement started
create new session 4833864208
close session 4833864208
add to repo msg=modified - felix_analysis400_120.py
add to repo msg=modified - felix_diode.py
add to repo msg=modified - felix_pump_ms.py
add to repo msg=modified - felix_pump_extraction_line.py
---------------- Experiment Queue saving disabled
DVC saving peakcenter
Failed to find a valid peak. No peak greater than 1.0. max = 0.415895085085
Failed to find a valid peak. No peak greater than 1.0. max = 0.0149121948186
ahead behind
Popen(['git', 'fetch', 'origin'], cwd=/Users/obama/PychronDev/data/.dvc/repositories/IR995, universal_newlines=False, shell=None)
Popen(['git', 'status', '-sb'], cwd=/Users/obama/PychronDev/data/.dvc/repositories/IR995, universal_newlines=False, shell=None)
Smart pull ahead: 0 behind: 0
Up-to-date with origin
add to repo msg=modified - 6751a098b8bc6ae0c20cb35c95d6d9fdb27f462d.json
add to repo msg=modified - -F-727.json
add to repo msg=modified - -F-727.dat.json
not at valid file /Users/obama/PychronDev/data/.dvc/repositories/IR995/bu-FD/tags/-F-727.tags.json
add to repo msg=modified - -F-727.peak.json
add to repo msg=modified - -F-727.extr.json
not at valid file /Users/obama/PychronDev/data/.dvc/repositories/IR995/bu-FD/monitor/-F-727.moni.json
commit message=<COLLECTION>
Popen(['git', 'cat-file', '--batch-check'], cwd=/Users/obama/PychronDev/data/.dvc/repositories/IR995, universal_newlines=False, shell=None)
Popen(['git', 'cat-file', '--batch'], cwd=/Users/obama/PychronDev/data/.dvc/repositories/IR995, universal_newlines=False, shell=None)
add to repo msg=modified - -F-727.inte.json
add to repo msg=modified - -F-727.base.json
commit message=<ISOEVO> default collection fits
add to repo msg=modified - -F-727.blan.json
commit message=<BLANKS> preceding ba-01-F-983
add to repo msg=modified - -F-727.icfa.json
commit message=<ICFactor> default
push repository <pychron.git_archive.repo_manager.GitRepoManager object at 0x1314df050>
pushing to remote=origin, url=https://github.com
Popen(['git', 'push', 'origin', 'master'], cwd=/Users/obama/PychronDev/data/.dvc/repositories/IR995, universal_newlines=False, shell=None)
ahead behind
Popen(['git', 'fetch', 'origin'], cwd=/Users/obama/PychronDev/data/.dvc/MetaData, universal_newlines=False, shell=None)
Popen(['git', 'status', '-sb'], cwd=/Users/obama/PychronDev/data/.dvc/MetaData, universal_newlines=False, shell=None)
Smart pull ahead: 0 behind: 0
Up-to-date with origin
Popen(['git', 'diff', 'HEAD', '--name-only'], cwd=/Users/obama/PychronDev/data/.dvc/MetaData, universal_newlines=False, shell=None)
no changes to meta repo
Popen(['git', 'push', 'origin', 'master'], cwd=/Users/obama/PychronDev/data/.dvc/MetaData, universal_newlines=False, shell=None)
create new session 4833864208
add association IR995
get identifier "bu-FD-F"
setting analysis irradiation position=<pychron.dvc.dvc_orm.IrradiationPositionTbl object at 0x1337e46d0>
close session 4833864208
================= post measurement finished
13:25:58 -- ******* Post Run Check *******
loading queue conditionals post_run_actions
loading system conditionals post_run_actions
loading conditionals from /Users/obama/PychronDev/setupfiles/spectrometer/default_conditionals.yaml
loading queue conditionals post_run_terminations
loading system conditionals post_run_terminations
loading conditionals from /Users/obama/PychronDev/setupfiles/spectrometer/default_conditionals.yaml
Checking default post run terminations n=1
GetDeflection L2 (CDD) ===>> 0
testing L2_CDD_==3250
evaluate ot="L2(CDD).deflection==3250" t="L2_CDD_==3250", ctx="{'L2_CDD_': 0.0}"
13:25:58 -- ******* Post Run Check Passed *******
13:25:58 -- Automated run bu-FD-F-727 success duration: 788.904 s
----------------- finish -----------------
----------------- stop -----------------
retroactive repository identifiers disabled
finish run. runs completed=9
update duration runid=bu-FD-F-727, duration=788.904143095, md5=0f1daef3
loading script "felix_analysis400_120_CDD_center.py"
loading script "felix_pump_ms.py"
loading script "felix_air_x3.py"
loading script "felix_pump_extraction_line.py"
testing...
no interpolation path defined
executed snippet estimated_duration=559.2304, duration=0.000396013259888
script duration name:analysis400_120_CDD_center seconds:559.0
loading script "felix_analysis400_120_CDD_center.py"
loading script "felix_pump_ms.py"
loading script "felix_air_x3.py"
loading script "felix_pump_extraction_line.py"
testing...
no interpolation path defined
executed snippet estimated_duration=0, duration=2.59876251221e-05
loading script "felix_analysis400_120_CDD_center.py"
loading script "felix_pump_ms.py"
loading script "felix_air_x3.py"
loading script "felix_pump_extraction_line.py"
testing...
no interpolation path defined
calculate duration
testing...
no interpolation path defined
executed snippet estimated_duration=0, duration=5.41210174561e-05
calculate duration
testing...
no interpolation path defined
executed snippet estimated_duration=0, duration=0.000105142593384
calculate duration
testing...
no interpolation path defined
executed snippet estimated_duration=32.0, duration=9.29832458496e-05
calculate duration
testing...
no interpolation path defined
executed snippet estimated_duration=34.0, duration=0.000108003616333
calculate duration
testing...
no interpolation path defined
executed snippet estimated_duration=2.0, duration=6.38961791992e-05
calculate duration
testing...
no interpolation path defined
executed snippet estimated_duration=34.0, duration=7.79628753662e-05
calculate duration
testing...
no interpolation path defined
executed snippet estimated_duration=34.0, duration=0.000102996826172
calculate duration
testing...
no interpolation path defined
executed snippet estimated_duration=34.0, duration=6.50882720947e-05
calculate duration
testing...
no interpolation path defined
executed snippet estimated_duration=34.0, duration=0.000102996826172
calculate duration
testing...
no interpolation path defined
executed snippet estimated_duration=34.0, duration=7.60555267334e-05
executed snippet estimated_duration=244.0, duration=0.0189628601074
script duration name:air_x3 seconds:244.0
loading script "felix_analysis400_120_CDD_center.py"
loading script "felix_pump_ms.py"
loading script "felix_air_x3.py"
loading script "felix_pump_extraction_line.py"
testing...
no interpolation path defined
calculate duration
testing...
no interpolation path defined
executed snippet estimated_duration=4.0, duration=0.000162124633789
executed snippet estimated_duration=4.0, duration=0.00241899490356
Script duration 803.0
Run total estimated duration= 804.000
nruns=1 before=5.0, run_dur=804.0, btw=0.0
write rem/ex queues
/Users/obama/PychronDev/experiments/rem/Load1841.rem.txt
/Users/obama/PychronDev/experiments/rem/Load1841.ex.txt
doing event level: 3
add run
